1640213220265	geckodriver	INFO	Listening on 127.0.0.1:52306
1640213223344	mozrunner::runner	INFO	Running command: "C:\\Program Files\\Mozilla Firefox\\firefox.exe" "--marionette" "--remote-debugging-port" "52307" "-no-remote" "-profile" "C:\\Users\\Irina\\AppData\\Local\\Temp\\rust_mozprofile3Bp1Zv"
1640213224003	Marionette	INFO	Marionette enabled
console.warn: SearchSettings: "get: No settings file exists, new profile?" (new NotFoundError("Could not open the file at C:\\Users\\Irina\\AppData\\Local\\Temp\\rust_mozprofile3Bp1Zv\\search.json.mozlz4", (void 0)))
DevTools listening on ws://localhost:52307/devtools/browser/8cbab104-cfa8-4355-9e18-683df0469520
1640213227229	Marionette	INFO	Listening on port 52313
1640213227611	RemoteAgent	WARN	TLS certificate errors will be ignored for this session
JavaScript error: https://dressa.com.ua/ line 417 > injectedScript, line 2: TypeError: document.querySelector(...) is null
1640213314880	Marionette	INFO	Stopped listening on port 52313
console.warn: TopSitesFeed: Failed to fetch data from Contile server: NetworkError when attempting to fetch resource.
JavaScript error: resource://gre/modules/Sqlite.jsm, line 1059: Error: Sqlite.jsm has been shutdown. Cannot open connection to: C:\Users\Irina\AppData\Local\Temp\rust_mozprofile3Bp1Zv\protections.sqlite
1640213323713	geckodriver	INFO	Listening on 127.0.0.1:64339
1640213326796	mozrunner::runner	INFO	Running command: "C:\\Program Files\\Mozilla Firefox\\firefox.exe" "--marionette" "--remote-debugging-port" "64340" "-no-remote" "-profile" "C:\\Users\\Irina\\AppData\\Local\\Temp\\rust_mozprofilemvA7zX"
1640213327467	Marionette	INFO	Marionette enabled
console.warn: SearchSettings: "get: No settings file exists, new profile?" (new NotFoundError("Could not open the file at C:\\Users\\Irina\\AppData\\Local\\Temp\\rust_mozprofilemvA7zX\\search.json.mozlz4", (void 0)))
DevTools listening on ws://localhost:64340/devtools/browser/b92b3db8-c395-4d98-8f08-4fdcf2f0f6d0
1640213330303	Marionette	INFO	Listening on port 64348
1640213330511	RemoteAgent	WARN	TLS certificate errors will be ignored for this session
JavaScript error: https://dressa.com.ua/ line 417 > injectedScript, line 2: TypeError: document.querySelector(...) is null
1640213396154	Marionette	INFO	Stopped listening on port 64348
console.warn: TopSitesFeed: Failed to fetch data from Contile server: NetworkError when attempting to fetch resource.
1640213399613	geckodriver	INFO	Listening on 127.0.0.1:49738
1640213402680	mozrunner::runner	INFO	Running command: "C:\\Program Files\\Mozilla Firefox\\firefox.exe" "--marionette" "--remote-debugging-port" "49739" "-no-remote" "-profile" "C:\\Users\\Irina\\AppData\\Local\\Temp\\rust_mozprofileCtb8Bm"
1640213403335	Marionette	INFO	Marionette enabled
console.warn: SearchSettings: "get: No settings file exists, new profile?" (new NotFoundError("Could not open the file at C:\\Users\\Irina\\AppData\\Local\\Temp\\rust_mozprofileCtb8Bm\\search.json.mozlz4", (void 0)))
DevTools listening on ws://localhost:49739/devtools/browser/b95c3ed2-eaea-4d3b-a197-0ce47e9065c5
1640213406486	Marionette	INFO	Listening on port 49746
1640213406909	RemoteAgent	WARN	TLS certificate errors will be ignored for this session
JavaScript error: https://dressa.com.ua/ line 417 > injectedScript, line 2: TypeError: document.querySelector(...) is null
1640213415861	Marionette	WARN	TimedPromise timed out after 500 ms: stacktrace:
TimedPromise/<@chrome://remote/content/marionette/sync.js:238:19
TimedPromise@chrome://remote/content/marionette/sync.js:223:10
interaction.flushEventLoop@chrome://remote/content/marionette/interaction.js:431:10
webdriverClickElement@chrome://remote/content/marionette/interaction.js:179:31
1640213416710	Marionette	WARN	TimedPromise timed out after 500 ms: stacktrace:
TimedPromise/<@chrome://remote/content/marionette/sync.js:238:19
TimedPromise@chrome://remote/content/marionette/sync.js:223:10
interaction.flushEventLoop@chrome://remote/content/marionette/interaction.js:431:10
webdriverClickElement@chrome://remote/content/marionette/interaction.js:179:31
1640213721556	Marionette	INFO	Stopped listening on port 49746
console.warn: TopSitesFeed: Failed to fetch data from Contile server: NetworkError when attempting to fetch resource.
JavaScript error: resource://gre/modules/Sqlite.jsm, line 1059: Error: Sqlite.jsm has been shutdown. Cannot open connection to: C:\Users\Irina\AppData\Local\Temp\rust_mozprofileCtb8Bm\protections.sqlite
 No settings file exists, new profile?" (new NotFoundError("Could not open the file at C:\\Users\\Irina\\AppData\\Local\\Temp\\rust_mozprofile5EpKcG\\search.json.mozlz4", (void 0)))
DevTools listening on ws://localhost:49954/devtools/browser/5610bfdb-3c9c-4be5-9b2f-51b5845cef46
1640213540887	Marionette	INFO	Listening on port 49960
1640213541288	RemoteAgent	WARN	TLS certificate errors will be ignored for this session
JavaScript error: https://dressa.com.ua/ line 417 > injectedScript, line 2: TypeError: document.querySelector(...) is null
1640213722980	Marionette	INFO	Stopped listening on port 49960
console.warn: TopSitesFeed: Failed to fetch data from Contile server: NetworkError when attempting to fetch resource.

###!!! [Child][RunMessage] Error: Channel closing: too late to send/recv, messages will be lost


###!!! [Parent][RunMessage] Error: Channel closing: too late to send/recv, messages will be lost

1640213729632	geckodriver	INFO	Listening on 127.0.0.1:58371
1640213732706	mozrunner::runner	INFO	Running command: "C:\\Program Files\\Mozilla Firefox\\firefox.exe" "--marionette" "--remote-debugging-port" "58372" "-no-remote" "-profile" "C:\\Users\\Irina\\AppData\\Local\\Temp\\rust_mozprofilePRzyLP"
1640213733367	Marionette	INFO	Marionette enabled
console.warn: SearchSettings: "get: No settings file exists, new profile?" (new NotFoundError("Could not open the file at C:\\Users\\Irina\\AppData\\Local\\Temp\\rust_mozprofilePRzyLP\\search.json.mozlz4", (void 0)))
DevTools listening on ws://localhost:58372/devtools/browser/35f5d66a-90b9-407b-8770-cbffd61cde39
1640213736643	Marionette	INFO	Listening on port 58380
1640213736919	RemoteAgent	WARN	TLS certificate errors will be ignored for this session
Marionette threw an error: TypeError: this.curBrowser.contentBrowser is null
GeckoDriver.prototype.navigateTo@chrome://remote/content/marionette/driver.js:849:3

1640213742382	Marionette	INFO	Stopped listening on port 58380
console.warn: TopSitesFeed: Failed to fetch data from Contile server: NetworkError when attempting to fetch resource.
1640213758941	geckodriver	INFO	Listening on 127.0.0.1:50993
1640213762025	mozrunner::runner	INFO	Running command: "C:\\Program Files\\Mozilla Firefox\\firefox.exe" "--marionette" "--remote-debugging-port" "50994" "-no-remote" "-profile" "C:\\Users\\Irina\\AppData\\Local\\Temp\\rust_mozprofileA3UWpq"
1640213762658	Marionette	INFO	Marionette enabled
console.warn: SearchSettings: "get: No settings file exists, new profile?" (new NotFoundError("Could not open the file at C:\\Users\\Irina\\AppData\\Local\\Temp\\rust_mozprofileA3UWpq\\search.json.mozlz4", (void 0)))
DevTools listening on ws://localhost:50994/devtools/browser/2a6aad68-5ccf-44e5-9792-6fb39d8d6e55
1640213765539	Marionette	INFO	Listening on port 51000
1640213765738	RemoteAgent	WARN	TLS certificate errors will be ignored for this session
JavaScript error: https://dressa.com.ua/ line 417 > injectedScript, line 2: TypeError: document.querySelector(...) is null
1640213834736	Marionette	INFO	Stopped listening on port 51000
1640213892828	geckodriver	INFO	Listening on 127.0.0.1:55222
1640213895887	mozrunner::runner	INFO	Running command: "C:\\Program Files\\Mozilla Firefox\\firefox.exe" "--marionette" "--remote-debugging-port" "55223" "-no-remote" "-profile" "C:\\Users\\Irina\\AppData\\Local\\Temp\\rust_mozprofile0jIYTM"
1640213896563	Marionette	INFO	Marionette enabled
console.warn: SearchSettings: "get: No settings file exists, new profile?" (new NotFoundError("Could not open the file at C:\\Users\\Irina\\AppData\\Local\\Temp\\rust_mozprofile0jIYTM\\search.json.mozlz4", (void 0)))
DevTools listening on ws://localhost:55223/devtools/browser/3ab49e53-542c-425f-8fde-d608857da76f
1640213899970	Marionette	INFO	Listening on port 55229
1640213900124	RemoteAgent	WARN	TLS certificate errors will be ignored for this session
JavaScript error: https://dressa.com.ua/ line 417 > injectedScript, line 2: TypeError: document.querySelector(...) is null
1640213915973	Marionette	INFO	Stopped listening on port 55229
JavaScript error: resource://gre/modules/UrlClassifierListManager.jsm, line 691: TypeError: this.tablesData[table] is undefined

###!!! [Child][RunMessage] Error: Channel closing: too late to send/recv, messages will be lost


###!!! [Child][RunMessage] Error: Channel closing: too late to send/recv, messages will be lost


###!!! [Child][RunMessage] Error: Channel closing: too late to send/recv, messages will be lost


###!!! [Child][RunMessage] Error: Channel closing: too late to send/recv, messages will be lost


###!!! [Child][RunMessage] Error: Channel closing: too late to send/recv, messages will be lost


###!!! [Child][RunMessage] Error: Channel closing: too late to send/recv, messages will be lost


###!!! [Child][RunMessage] Error: Channel closing: too late to send/recv, messages will be lost


###!!! [Child][RunMessage] Error: Channel closing: too late to send/recv, messages will be lost


###!!! [Child][RunMessage] Error: Channel closing: too late to send/recv, messages will be lost


###!!! [Child][RunMessage] Error: Channel closing: too late to send/recv, messages will be lost


###!!! [Child][RunMessage] Error: Channel closing: too late to send/recv, messages will be lost


###!!! [Child][RunMessage] Error: Channel closing: too late to send/recv, messages will be lost


###!!! [Child][RunMessage] Error: Channel closing: too late to send/recv, messages will be lost


###!!! [Child][RunMessage] Error: Channel closing: too late to send/recv, messages will be lost


###!!! [Child][RunMessage] Error: Channel closing: too late to send/recv, messages will be lost


###!!! [Parent][MessageChannel] Error: (msgtype=0x39007A,name=PContent::Msg_DestroyBrowsingContextGroup) Closed channel: cannot send/recv

JavaScript error: resource://gre/modules/Sqlite.jsm, line 1059: Error: Sqlite.jsm has been shutdown. Cannot open connection to: C:\Users\Irina\AppData\Local\Temp\rust_mozprofile0jIYTM\protections.sqlite
1640214545969	geckodriver	INFO	Listening on 127.0.0.1:58553
1640214549042	mozrunner::runner	INFO	Running command: "C:\\Program Files\\Mozilla Firefox\\firefox.exe" "--marionette" "--remote-debugging-port" "58554" "-no-remote" "-profile" "C:\\Users\\Irina\\AppData\\Local\\Temp\\rust_mozprofileePFLFf"
1640214549654	Marionette	INFO	Marionette enabled
console.warn: SearchSettings: "get: No settings file exists, new profile?" (new NotFoundError("Could not open the file at C:\\Users\\Irina\\AppData\\Local\\Temp\\rust_mozprofileePFLFf\\search.json.mozlz4", (void 0)))
DevTools listening on ws://localhost:58554/devtools/browser/10da7bd9-a338-4bf7-b531-90a25df07b40
1640214552610	Marionette	INFO	Listening on port 58560
1640214552743	RemoteAgent	WARN	TLS certificate errors will be ignored for this session
1640214589281	Marionette	INFO	Stopped listening on port 58560
console.warn: TopSitesFeed: Failed to fetch data from Contile server: NetworkError when attempting to fetch resource.

###!!! [Parent][RunMessage] Error: Channel closing: too late to send/recv, messages will be lost

1640214613892	geckodriver	INFO	Listening on 127.0.0.1:58634
1640214616988	mozrunner::runner	INFO	Running command: "C:\\Program Files\\Mozilla Firefox\\firefox.exe" "--marionette" "--remote-debugging-port" "58635" "-no-remote" "-profile" "C:\\Users\\Irina\\AppData\\Local\\Temp\\rust_mozprofilekUlX1h"
1640214617594	Marionette	INFO	Marionette enabled
console.warn: SearchSettings: "get: No settings file exists, new profile?" (new NotFoundError("Could not open the file at C:\\Users\\Irina\\AppData\\Local\\Temp\\rust_mozprofilekUlX1h\\search.json.mozlz4", (void 0)))
DevTools listening on ws://localhost:58635/devtools/browser/dcfa5c7f-b874-4dad-ba11-f1706cdd4a1d
1640214620505	Marionette	INFO	Listening on port 58642
1640214620689	RemoteAgent	WARN	TLS certificate errors will be ignored for this session
1640214651921	Marionette	INFO	Stopped listening on port 58642
console.warn: TopSitesFeed: Failed to fetch data from Contile server: NetworkError when attempting to fetch resource.
1640214707695	geckodriver	INFO	Listening on 127.0.0.1:58728
1640214710771	mozrunner::runner	INFO	Running command: "C:\\Program Files\\Mozilla Firefox\\firefox.exe" "--marionette" "--remote-debugging-port" "58729" "-no-remote" "-profile" "C:\\Users\\Irina\\AppData\\Local\\Temp\\rust_mozprofilegBwY2l"
1640214711461	Marionette	INFO	Marionette enabled
console.warn: SearchSettings: "get: No settings file exists, new profile?" (new NotFoundError("Could not open the file at C:\\Users\\Irina\\AppData\\Local\\Temp\\rust_mozprofilegBwY2l\\search.json.mozlz4", (void 0)))
DevTools listening on ws://localhost:58729/devtools/browser/6d28859d-c7fc-4212-9200-3d96b60e3024
1640214714423	Marionette	INFO	Listening on port 58735
1640214714485	RemoteAgent	WARN	TLS certificate errors will be ignored for this session
JavaScript error: https://dressa.com.ua/ line 417 > injectedScript, line 2: TypeError: document.querySelector(...) is null
1640214732509	Marionette	INFO	Stopped listening on port 58735
console.warn: TopSitesFeed: Failed to fetch data from Contile server: NetworkError when attempting to fetch resource.
1640214756220	geckodriver	INFO	Listening on 127.0.0.1:58885
1640214759291	mozrunner::runner	INFO	Running command: "C:\\Program Files\\Mozilla Firefox\\firefox.exe" "--marionette" "--remote-debugging-port" "58886" "-no-remote" "-profile" "C:\\Users\\Irina\\AppData\\Local\\Temp\\rust_mozprofileFhIml6"
1640214759940	Marionette	INFO	Marionette enabled
console.warn: SearchSettings: "get: No settings file exists, new profile?" (new NotFoundError("Could not open the file at C:\\Users\\Irina\\AppData\\Local\\Temp\\rust_mozprofileFhIml6\\search.json.mozlz4", (void 0)))
DevTools listening on ws://localhost:58886/devtools/browser/134d64fa-65f6-4f6d-bb33-db4bae44df41
1640214762740	Marionette	INFO	Listening on port 58893
1640214763009	RemoteAgent	WARN	TLS certificate errors will be ignored for this session
1640214778585	Marionette	INFO	Stopped listening on port 58893
console.warn: TopSitesFeed: Failed to fetch data from Contile server: NetworkError when attempting to fetch resource.
1640214816885	geckodriver	INFO	Listening on 127.0.0.1:64278
1640214819948	mozrunner::runner	INFO	Running command: "C:\\Program Files\\Mozilla Firefox\\firefox.exe" "--marionette" "--remote-debugging-port" "64279" "-no-remote" "-profile" "C:\\Users\\Irina\\AppData\\Local\\Temp\\rust_mozprofileH1S1G2"
1640214820623	Marionette	INFO	Marionette enabled
console.warn: SearchSettings: "get: No settings file exists, new profile?" (new NotFoundError("Could not open the file at C:\\Users\\Irina\\AppData\\Local\\Temp\\rust_mozprofileH1S1G2\\search.json.mozlz4", (void 0)))
DevTools listening on ws://localhost:64279/devtools/browser/7cbeef10-90b6-49e9-86c3-b98de66fb9c8
1640214823821	Marionette	INFO	Listening on port 64285
1640214824169	RemoteAgent	WARN	TLS certificate errors will be ignored for this session
JavaScript error: https://dressa.com.ua/ line 417 > injectedScript, line 2: TypeError: document.querySelector(...) is null
1640214927700	Marionette	INFO	Stopped listening on port 64285
console.warn: TopSitesFeed: Failed to fetch data from Contile server: NetworkError when attempting to fetch resource.

###!!! [Child][MessageChannel] Error: (msgtype=0x590004,name=PHttpChannel::Msg_Cancel) Channel closing: too late to send/recv, messages will be lost


###!!! [Child][MessageChannel] Error: (msgtype=0x590008,name=PHttpChannel::Msg_DeletingChannel) Channel closing: too late to send/recv, messages will be lost

1640214940904	geckodriver	INFO	Listening on 127.0.0.1:52062
1640214943982	mozrunner::runner	INFO	Running command: "C:\\Program Files\\Mozilla Firefox\\firefox.exe" "--marionette" "--remote-debugging-port" "52063" "-no-remote" "-profile" "C:\\Users\\Irina\\AppData\\Local\\Temp\\rust_mozprofilepV7bwF"
1640214944583	Marionette	INFO	Marionette enabled
console.warn: SearchSettings: "get: No settings file exists, new profile?" (new NotFoundError("Could not open the file at C:\\Users\\Irina\\AppData\\Local\\Temp\\rust_mozprofilepV7bwF\\search.json.mozlz4", (void 0)))
DevTools listening on ws://localhost:52063/devtools/browser/ffbb9e01-00f8-46e5-97f1-95eab9d082fd
1640214948113	Marionette	INFO	Listening on port 52070
1640214948363	RemoteAgent	WARN	TLS certificate errors will be ignored for this session
JavaScript error: https://dressa.com.ua/ line 417 > injectedScript, line 2: TypeError: document.querySelector(...) is null
1640215247022	Marionette	INFO	Stopped listening on port 52070
console.warn: TopSitesFeed: Failed to fetch data from Contile server: NetworkError when attempting to fetch resource.

###!!! [Child][RunMessage] Error: Channel closing: too late to send/recv, messages will be lost


###!!! [Child][MessageChannel] Error: (msgtype=0x590004,name=PHttpChannel::Msg_Cancel) Channel closing: too late to send/recv, messages will be lost


###!!! [Child][MessageChannel] Error: (msgtype=0x590008,name=PHttpChannel::Msg_DeletingChannel) Channel closing: too late to send/recv, messages will be lost


###!!! [Parent][RunMessage] Error: Channel closing: too late to send/recv, messages will be lost

ning on port 64377
1640215134265	RemoteAgent	WARN	TLS certificate errors will be ignored for this session
JavaScript error: https://dressa.com.ua/ line 417 > injectedScript, line 2: TypeError: document.querySelector(...) is null
1640215248231	Marionette	INFO	Stopped listening on port 64377
console.warn: TopSitesFeed: Failed to fetch data from Contile server: NetworkError when attempting to fetch resource.

###!!! [Child][RunMessage] Error: Channel closing: too late to send/recv, messages will be lost


###!!! [Child][RunMessage] Error: Channel closing: too late to send/recv, messages will be lost


###!!! [Child][RunMessage] Error: Channel closing: too late to send/recv, messages will be lost


###!!! [Child][RunMessage] Error: Channel closing: too late to send/recv, messages will be lost


###!!! [Child][RunMessage] Error: Channel closing: too late to send/recv, messages will be lost


###!!! [Child][RunMessage] Error: Channel closing: too late to send/recv, messages will be lost


###!!! [Child][RunMessage] Error: Channel closing: too late to send/recv, messages will be lost


###!!! [Parent][RunMessage] Error: Channel closing: too late to send/recv, messages will be lost

1640215281594	geckodriver	INFO	Listening on 127.0.0.1:61936
1640215284674	mozrunner::runner	INFO	Running command: "C:\\Program Files\\Mozilla Firefox\\firefox.exe" "--marionette" "--remote-debugging-port" "61937" "-no-remote" "-profile" "C:\\Users\\Irina\\AppData\\Local\\Temp\\rust_mozprofilekMcT1k"
1640215285405	Marionette	INFO	Marionette enabled
console.warn: SearchSettings: "get: No settings file exists, new profile?" (new NotFoundError("Could not open the file at C:\\Users\\Irina\\AppData\\Local\\Temp\\rust_mozprofilekMcT1k\\search.json.mozlz4", (void 0)))
DevTools listening on ws://localhost:61937/devtools/browser/c5d0d558-0248-4f07-9c0f-916269df24cc
1640215288546	Marionette	INFO	Listening on port 61945
1640215288961	RemoteAgent	WARN	TLS certificate errors will be ignored for this session
JavaScript error: https://dressa.com.ua/ line 417 > injectedScript, line 2: TypeError: document.querySelector(...) is null
1640215338816	Marionette	INFO	Stopped listening on port 61945
console.warn: TopSitesFeed: Failed to fetch data from Contile server: NetworkError when attempting to fetch resource.
1640215362876	geckodriver	INFO	Listening on 127.0.0.1:56514
1640215365959	mozrunner::runner	INFO	Running command: "C:\\Program Files\\Mozilla Firefox\\firefox.exe" "--marionette" "--remote-debugging-port" "56515" "-no-remote" "-profile" "C:\\Users\\Irina\\AppData\\Local\\Temp\\rust_mozprofileDuU4gl"
1640215366603	Marionette	INFO	Marionette enabled
console.warn: SearchSettings: "get: No settings file exists, new profile?" (new NotFoundError("Could not open the file at C:\\Users\\Irina\\AppData\\Local\\Temp\\rust_mozprofileDuU4gl\\search.json.mozlz4", (void 0)))
DevTools listening on ws://localhost:56515/devtools/browser/ead64f52-4cac-4041-b6a9-0826c27d3894
1640215369436	Marionette	INFO	Listening on port 56522
1640215369681	RemoteAgent	WARN	TLS certificate errors will be ignored for this session
JavaScript error: https://dressa.com.ua/ line 417 > injectedScript, line 2: TypeError: document.querySelector(...) is null
1640215442975	Marionette	INFO	Stopped listening on port 56522
console.warn: TopSitesFeed: Failed to fetch data from Contile server: NetworkError when attempting to fetch resource.
JavaScript error: chrome://remote/content/marionette/cert.js, line 55: NS_ERROR_NOT_AVAILABLE: Component returned failure code: 0x80040111 (NS_ERROR_NOT_AVAILABLE) [nsICertOverrideService.setDisableAllSecurityChecksAndLetAttackersInterceptMyData]

###!!! [Child][RunMessage] Error: Channel closing: too late to send/recv, messages will be lost


###!!! [Child][RunMessage] Error: Channel closing: too late to send/recv, messages will be lost


###!!! [Child][RunMessage] Error: Channel closing: too late to send/recv, messages will be lost


###!!! [Child][RunMessage] Error: Channel closing: too late to send/recv, messages will be lost


###!!! [Child][RunMessage] Error: Channel closing: too late to send/recv, messages will be lost

1640215471325	geckodriver	INFO	Listening on 127.0.0.1:56703
1640215474395	mozrunner::runner	INFO	Running command: "C:\\Program Files\\Mozilla Firefox\\firefox.exe" "--marionette" "--remote-debugging-port" "56704" "-no-remote" "-profile" "C:\\Users\\Irina\\AppData\\Local\\Temp\\rust_mozprofilenWWdr0"
1640215475038	Marionette	INFO	Marionette enabled
console.warn: SearchSettings: "get: No settings file exists, new profile?" (new NotFoundError("Could not open the file at C:\\Users\\Irina\\AppData\\Local\\Temp\\rust_mozprofilenWWdr0\\search.json.mozlz4", (void 0)))
DevTools listening on ws://localhost:56704/devtools/browser/64d8c5d6-799c-435c-b9f2-a22de3aaa97c
1640215477908	Marionette	INFO	Listening on port 56710
1640215478119	RemoteAgent	WARN	TLS certificate errors will be ignored for this session
JavaScript error: https://dressa.com.ua/ line 417 > injectedScript, line 2: TypeError: document.querySelector(...) is null
1640215545046	Marionette	INFO	Stopped listening on port 56710
console.warn: TopSitesFeed: Failed to fetch data from Contile server: NetworkError when attempting to fetch resource.
1640215586700	geckodriver	INFO	Listening on 127.0.0.1:54061
1640215589782	mozrunner::runner	INFO	Running command: "C:\\Program Files\\Mozilla Firefox\\firefox.exe" "--marionette" "--remote-debugging-port" "54062" "-no-remote" "-profile" "C:\\Users\\Irina\\AppData\\Local\\Temp\\rust_mozprofileokYx8D"
1640215590472	Marionette	INFO	Marionette enabled
console.warn: SearchSettings: "get: No settings file exists, new profile?" (new NotFoundError("Could not open the file at C:\\Users\\Irina\\AppData\\Local\\Temp\\rust_mozprofileokYx8D\\search.json.mozlz4", (void 0)))
console.warn: TopSitesFeed: Failed to fetch data from Contile server: NetworkError when attempting to fetch resource.

###!!! [Child][RunMessage] Error: Channel closing: too late to send/recv, messages will be lost

1640215604931	geckodriver	INFO	Listening on 127.0.0.1:54097
1640215607990	mozrunner::runner	INFO	Running command: "C:\\Program Files\\Mozilla Firefox\\firefox.exe" "--marionette" "--remote-debugging-port" "54098" "-no-remote" "-profile" "C:\\Users\\Irina\\AppData\\Local\\Temp\\rust_mozprofilehlOiAY"
1640215608732	Marionette	INFO	Marionette enabled
console.warn: SearchSettings: "get: No settings file exists, new profile?" (new NotFoundError("Could not open the file at C:\\Users\\Irina\\AppData\\Local\\Temp\\rust_mozprofilehlOiAY\\search.json.mozlz4", (void 0)))
DevTools listening on ws://localhost:54098/devtools/browser/8a2c0582-c96b-4417-9c55-f1a4d5809000
1640215611904	Marionette	INFO	Listening on port 54104
1640215612256	RemoteAgent	WARN	TLS certificate errors will be ignored for this session
JavaScript error: https://dressa.com.ua/ line 417 > injectedScript, line 2: TypeError: document.querySelector(...) is null
1640215620296	Marionette	INFO	Stopped listening on port 54104

###!!! [Child][MessageChannel] Error: (msgtype=0x590007,name=PHttpChannel::Msg_RemoveCorsPreflightCacheEntry) Channel closing: too late to send/recv, messages will be lost


###!!! [Child][MessageChannel] Error: (msgtype=0x590008,name=PHttpChannel::Msg_DeletingChannel) Channel closing: too late to send/recv, messages will be lost


###!!! [Child][MessageChannel] Error: (msgtype=0x590008,name=PHttpChannel::Msg_DeletingChannel) Channel closing: too late to send/recv, messages will be lost


###!!! [Child][MessageChannel] Error: (msgtype=0x590008,name=PHttpChannel::Msg_DeletingChannel) Channel closing: too late to send/recv, messages will be lost


###!!! [Child][MessageChannel] Error: (msgtype=0x590004,name=PHttpChannel::Msg_Cancel) Channel closing: too late to send/recv, messages will be lost


###!!! [Child][MessageChannel] Error: (msgtype=0x590008,name=PHttpChannel::Msg_DeletingChannel) Channel closing: too late to send/recv, messages will be lost


###!!! [Child][RunMessage] Error: Channel closing: too late to send/recv, messages will be lost


###!!! [Child][RunMessage] Error: Channel closing: too late to send/recv, messages will be lost


###!!! [Child][RunMessage] Error: Channel closing: too late to send/recv, messages will be lost


###!!! [Child][RunMessage] Error: Channel closing: too late to send/recv, messages will be lost


###!!! [Child][RunMessage] Error: Channel closing: too late to send/recv, messages will be lost

1640215621867	geckodriver	INFO	Listening on 127.0.0.1:54219
1640215624936	mozrunner::runner	INFO	Running command: "C:\\Program Files\\Mozilla Firefox\\firefox.exe" "--marionette" "--remote-debugging-port" "54220" "-no-remote" "-profile" "C:\\Users\\Irina\\AppData\\Local\\Temp\\rust_mozprofilevxNIc8"
1640215625532	Marionette	INFO	Marionette enabled
console.warn: SearchSettings: "get: No settings file exists, new profile?" (new NotFoundError("Could not open the file at C:\\Users\\Irina\\AppData\\Local\\Temp\\rust_mozprofilevxNIc8\\search.json.mozlz4", (void 0)))
DevTools listening on ws://localhost:54220/devtools/browser/fec62c8d-1096-4536-a5aa-3f3469dad24a
1640215628405	Marionette	INFO	Listening on port 54227
1640215628631	RemoteAgent	WARN	TLS certificate errors will be ignored for this session
1640215647952	Marionette	INFO	Stopped listening on port 54227
console.warn: TopSitesFeed: Failed to fetch data from Contile server: NetworkError when attempting to fetch resource.
1640216008095	geckodriver	INFO	Listening on 127.0.0.1:64868
1640216011165	mozrunner::runner	INFO	Running command: "C:\\Program Files\\Mozilla Firefox\\firefox.exe" "--marionette" "--remote-debugging-port" "64869" "-no-remote" "-profile" "C:\\Users\\Irina\\AppData\\Local\\Temp\\rust_mozprofilePntkBF"
1640216011851	Marionette	INFO	Marionette enabled
console.warn: SearchSettings: "get: No settings file exists, new profile?" (new NotFoundError("Could not open the file at C:\\Users\\Irina\\AppData\\Local\\Temp\\rust_mozprofilePntkBF\\search.json.mozlz4", (void 0)))
DevTools listening on ws://localhost:64869/devtools/browser/b14aa934-8c51-42c5-877e-1bb59f3c15a9
1640216015302	Marionette	INFO	Listening on port 64876
1640216015394	RemoteAgent	WARN	TLS certificate errors will be ignored for this session
1640216022055	Marionette	INFO	Stopped listening on port 64876
1640216033575	geckodriver	INFO	Listening on 127.0.0.1:64984
1640216036652	mozrunner::runner	INFO	Running command: "C:\\Program Files\\Mozilla Firefox\\firefox.exe" "--marionette" "--remote-debugging-port" "64985" "-no-remote" "-profile" "C:\\Users\\Irina\\AppData\\Local\\Temp\\rust_mozprofileebIRWX"
1640216037250	Marionette	INFO	Marionette enabled
console.warn: SearchSettings: "get: No settings file exists, new profile?" (new NotFoundError("Could not open the file at C:\\Users\\Irina\\AppData\\Local\\Temp\\rust_mozprofileebIRWX\\search.json.mozlz4", (void 0)))
DevTools listening on ws://localhost:64985/devtools/browser/3debcb27-3746-45a3-a75d-c6ca668f76ee
1640216040132	Marionette	INFO	Listening on port 64991
1640216040363	RemoteAgent	WARN	TLS certificate errors will be ignored for this session
JavaScript error: https://dressa.com.ua/ line 417 > injectedScript, line 2: TypeError: document.querySelector(...) is null
1640216047446	Marionette	INFO	Stopped listening on port 64991

###!!! [Parent][MessageChannel] Error: (msgtype=0x39014F,name=PContent::Reply_DiscardBrowsingContext) Closed channel: cannot send/recv


###!!! [Parent][MessageChannel] Error: (msgtype=0x39014F,name=PContent::Reply_DiscardBrowsingContext) Closed channel: cannot send/recv


###!!! [Parent][MessageChannel] Error: (msgtype=0x39014F,name=PContent::Reply_DiscardBrowsingContext) Closed channel: cannot send/recv


###!!! [Parent][MessageChannel] Error: (msgtype=0x39014F,name=PContent::Reply_DiscardBrowsingContext) Closed channel: cannot send/recv


###!!! [Parent][MessageChannel] Error: (msgtype=0x39014F,name=PContent::Reply_DiscardBrowsingContext) Closed channel: cannot send/recv


###!!! [Parent][MessageChannel] Error: (msgtype=0x39014F,name=PContent::Reply_DiscardBrowsingContext) Closed channel: cannot send/recv


###!!! [Parent][MessageChannel] Error: (msgtype=0x39014F,name=PContent::Reply_DiscardBrowsingContext) Closed channel: cannot send/recv


###!!! [Parent][MessageChannel] Error: (msgtype=0x39007A,name=PContent::Msg_DestroyBrowsingContextGroup) Closed channel: cannot send/recv

JavaScript error: resource://gre/modules/Sqlite.jsm, line 1059: Error: Sqlite.jsm has been shutdown. Cannot open connection to: C:\Users\Irina\AppData\Local\Temp\rust_mozprofileebIRWX\protections.sqlite
1640216048802	geckodriver	INFO	Listening on 127.0.0.1:65102
1640216051888	mozrunner::runner	INFO	Running command: "C:\\Program Files\\Mozilla Firefox\\firefox.exe" "--marionette" "--remote-debugging-port" "65103" "-no-remote" "-profile" "C:\\Users\\Irina\\AppData\\Local\\Temp\\rust_mozprofile8qlkcY"
1640216052467	Marionette	INFO	Marionette enabled
console.warn: SearchSettings: "get: No settings file exists, new profile?" (new NotFoundError("Could not open the file at C:\\Users\\Irina\\AppData\\Local\\Temp\\rust_mozprofile8qlkcY\\search.json.mozlz4", (void 0)))
DevTools listening on ws://localhost:65103/devtools/browser/d6cfe39e-deef-48ca-a862-5ec25ac5c0f7
1640216055286	Marionette	INFO	Listening on port 65110
1640216055622	RemoteAgent	WARN	TLS certificate errors will be ignored for this session
1640216123362	Marionette	INFO	Stopped listening on port 65110
console.warn: TopSitesFeed: Failed to fetch data from Contile server: NetworkError when attempting to fetch resource.

###!!! [Parent][RunMessage] Error: Channel closing: too late to send/recv, messages will be lost

1640216495753	geckodriver	INFO	Listening on 127.0.0.1:49489
1640216498823	mozrunner::runner	INFO	Running command: "C:\\Program Files\\Mozilla Firefox\\firefox.exe" "--marionette" "--remote-debugging-port" "49490" "-no-remote" "-profile" "C:\\Users\\Irina\\AppData\\Local\\Temp\\rust_mozprofiley7ViN8"
1640216499435	Marionette	INFO	Marionette enabled
console.warn: SearchSettings: "get: No settings file exists, new profile?" (new NotFoundError("Could not open the file at C:\\Users\\Irina\\AppData\\Local\\Temp\\rust_mozprofiley7ViN8\\search.json.mozlz4", (void 0)))
DevTools listening on ws://localhost:49490/devtools/browser/4ff8c7ec-28f9-4c06-ab52-de2f69bf41f3
1640216502409	Marionette	INFO	Listening on port 49497
1640216502538	RemoteAgent	WARN	TLS certificate errors will be ignored for this session
1640216565394	Marionette	INFO	Stopped listening on port 49497
console.warn: TopSitesFeed: Failed to fetch data from Contile server: NetworkError when attempting to fetch resource.

###!!! [Child][RunMessage] Error: Channel closing: too late to send/recv, messages will be lost


###!!! [Child][MessageChannel] Error: (msgtype=0x590004,name=PHttpChannel::Msg_Cancel) Channel closing: too late to send/recv, messages will be lost


###!!! [Child][MessageChannel] Error: (msgtype=0x590008,name=PHttpChannel::Msg_DeletingChannel) Channel closing: too late to send/recv, messages will be lost

lhost:49603/devtools/browser/8b7c00ab-7e2d-4497-8000-0df4506fa616
1640216515442	Marionette	INFO	Listening on port 49649
1640216515622	RemoteAgent	WARN	TLS certificate errors will be ignored for this session
JavaScript error: https://dressa.com.ua/ line 417 > injectedScript, line 2: TypeError: document.querySelector(...) is null
1640216566357	Marionette	INFO	Stopped listening on port 49649
console.warn: TopSitesFeed: Failed to fetch data from Contile server: NetworkError when attempting to fetch resource.

###!!! [Parent][MessageChannel] Error: (msgtype=0x39007A,name=PContent::Msg_DestroyBrowsingContextGroup) Closed channel: cannot send/recv

JavaScript error: resource://gre/modules/Sqlite.jsm, line 1059: Error: Sqlite.jsm has been shutdown. Cannot open connection to: C:\Users\Irina\AppData\Local\Temp\rust_mozprofileB0RGn6\protections.sqlite

###!!! [Child][MessageChannel] Error: (msgtype=0x590004,name=PHttpChannel::Msg_Cancel) Channel closing: too late to send/recv, messages will be lost


###!!! [Child][MessageChannel] Error: (msgtype=0x590008,name=PHttpChannel::Msg_DeletingChannel) Channel closing: too late to send/recv, messages will be lost


###!!! [Child][MessageChannel] Error: (msgtype=0x230030,name=PBrowser::Msg___delete__) Channel closing: too late to send/recv, messages will be lost


###!!! [Child][RunMessage] Error: Channel closing: too late to send/recv, messages will be lost


###!!! [Child][RunMessage] Error: Channel closing: too late to send/recv, messages will be lost


###!!! [Child][RunMessage] Error: Channel closing: too late to send/recv, messages will be lost


###!1640216567521	Marionette	INFO	Stopped listening on port 49855
console.warn: TopSitesFeed: Failed to fetch data from Contile server: NetworkError when attempting to fetch resource.
JavaScript error: chrome://remote/content/marionette/cert.js, line 55: NS_ERROR_NOT_AVAILABLE: Component returned failure code: 0x80040111 (NS_ERROR_NOT_AVAILABLE) [nsICertOverrideService.setDisableAllSecurityChecksAndLetAttackersInterceptMyData]
or: Channel closing: too late to send/recv, messages will be lost


###!!! [Child][RunMessage] Error: Channel closing: too late to send/recv, messages will be lost


###!!! [Child][RunMessage] Error: Channel closing: too late to send/recv, messages will be lost


###!!! [Child][RunMessage] Error: Channel closing: too late to send/recv, messages will be lost


###!!! [Child][RunMessage] Error: Channel closing: too late to send/recv, messages will be lost

1640216950332	geckodriver	INFO	Listening on 127.0.0.1:54255
1640216953395	mozrunner::runner	INFO	Running command: "C:\\Program Files\\Mozilla Firefox\\firefox.exe" "--marionette" "--remote-debugging-port" "54256" "-no-remote" "-profile" "C:\\Users\\Irina\\AppData\\Local\\Temp\\rust_mozprofileB4pAyi"
1640216954101	Marionette	INFO	Marionette enabled
console.warn: SearchSettings: "get: No settings file exists, new profile?" (new NotFoundError("Could not open the file at C:\\Users\\Irina\\AppData\\Local\\Temp\\rust_mozprofileB4pAyi\\search.json.mozlz4", (void 0)))
DevTools listening on ws://localhost:54256/devtools/browser/4ab3259a-430e-4a5d-8a06-0ee293719577
1640216957982	Marionette	INFO	Listening on port 54263
1640216958225	RemoteAgent	WARN	TLS certificate errors will be ignored for this session
1640216963997	Marionette	INFO	Stopped listening on port 54263

###!!! [Child][MessageChannel] Error: (msgtype=0x590007,name=PHttpChannel::Msg_RemoveCorsPreflightCacheEntry) Channel closing: too late to send/recv, messages will be lost


###!!! [Parent][MessageChannel] Error: (msgtype=0x39007A,name=PContent::Msg_DestroyBrowsingContextGroup) Closed channel: cannot send/recv


###!!! [Child][MessageChannel] Error: (msgtype=0x590008,name=PHttpChannel::Msg_DeletingChannel) Channel closing: too late to send/recv, messages will be lost


###!!! [Child][MessageChannel] Error: (msgtype=0x590004,name=PHttpChannel::Msg_Cancel) Channel closing: too late to send/recv, messages will be lost


###!!! [Child][MessageChannel] Error: (msgtype=0x590008,name=PHttpChannel::Msg_DeletingChannel) Channel closing: too late to send/recv, messages will be lost


###!!! [Child][MessageChannel] Error: (msgtype=0x230030,name=PBrowser::Msg___delete__) Channel closing: too late to send/recv, messages will be lost


###!!! [Child][MessageChannel] Error: (msgtype=0x390147,name=PContent::Msg_ScriptError) Channel closing: too late to send/recv, messages will be lost


###!!! [Child][RunMessage] Error: Channel closing: too late to send/recv, messages will be lost


###!!! [Child][RunMessage] Error: Channel closing: too late to send/recv, messages will be lost


###!!! [Child][RunMessage] Error: Channel closing: too late to send/recv, messages will be lost


###!!! [Child][RunMessage] Error: Channel closing: too late to send/recv, messages will be lost


###!!! [Child][RunMessage] Error: Channel closing: too late to send/recv, messages will be lost


###!!! [Child][RunMessage] Error: Channel closing: too late to send/recv, messages will be lost


###!!! [Child][RunMessage] Error: Channel closing: too late to send/recv, messages will be lost


###!!! [Child][RunMessage] Error: Channel closing: too late to send/recv, messages will be lost

1640216965637	geckodriver	INFO	Listening on 127.0.0.1:54371
1640216968702	mozrunner::runner	INFO	Running command: "C:\\Program Files\\Mozilla Firefox\\firefox.exe" "--marionette" "--remote-debugging-port" "54372" "-no-remote" "-profile" "C:\\Users\\Irina\\AppData\\Local\\Temp\\rust_mozprofileZ6mSSW"
1640216969396	Marionette	INFO	Marionette enabled
console.warn: SearchSettings: "get: No settings file exists, new profile?" (new NotFoundError("Could not open the file at C:\\Users\\Irina\\AppData\\Local\\Temp\\rust_mozprofileZ6mSSW\\search.json.mozlz4", (void 0)))
DevTools listening on ws://localhost:54372/devtools/browser/550b6bd7-a2bd-46fe-ad9b-bc4ae56524f6
1640216972486	Marionette	INFO	Listening on port 54378
1640216972938	RemoteAgent	WARN	TLS certificate errors will be ignored for this session
1640216980225	Marionette	INFO	Stopped listening on port 54378
[Parent 10100, IPC I/O Parent] WARNING: file /builds/worker/checkouts/gecko/ipc/chromium/src/base/process_util_win.cc:167

###!!! [Parent][MessageChannel] Error: (msgtype=0x39014F,name=PContent::Reply_DiscardBrowsingContext) Closed channel: cannot send/recv


###!!! [Parent][MessageChannel] Error: (msgtype=0x39014F,name=PContent::Reply_DiscardBrowsingContext) Closed channel: cannot send/recv


###!!! [Parent][MessageChannel] Error: (msgtype=0x39014F,name=PContent::Reply_DiscardBrowsingContext) Closed channel: cannot send/recv


###!!! [Parent][MessageChannel] Error: (msgtype=0x39014F,name=PContent::Reply_DiscardBrowsingContext) Closed channel: cannot send/recv


###!!! [Parent][MessageChannel] Error: (msgtype=0x39014F,name=PContent::Reply_DiscardBrowsingContext) Closed channel: cannot send/recv


###!!! [Child][RunMessage] Error: Channel closing: too late to send/recv, messages will be lost


###!!! [Child][RunMessage] Error: Channel closing: too late to send/recv, messages will be lost


###!!! [Child][RunMessage] Error: Channel closing: too late to send/recv, messages will be lost


###!!! [Child][RunMessage] Error: Channel closing: too late to send/recv, messages will be lost


###!!! [Child][RunMessage] Error: Channel closing: too late to send/recv, messages will be lost


###!!! [Child][RunMessage] Error: Channel closing: too late to send/recv, messages will be lost


###!!! [Child][RunMessage] Error: Channel closing: too late to send/recv, messages will be lost


###!!! [Child][RunMessage] Error: Channel closing: too late to send/recv, messages will be lost


###!!! [Parent][MessageChannel] Error: (msgtype=0x39007A,name=PContent::Msg_DestroyBrowsingContextGroup) Closed channel: cannot send/recv

JavaScript error: resource://gre/modules/Sqlite.jsm, line 1059: Error: Sqlite.jsm has been shutdown. Cannot open connection to: C:\Users\Irina\AppData\Local\Temp\rust_mozprofileZ6mSSW\protections.sqlite
1640216981729	geckodriver	INFO	Listening on 127.0.0.1:54490
1640216984798	mozrunner::runner	INFO	Running command: "C:\\Program Files\\Mozilla Firefox\\firefox.exe" "--marionette" "--remote-debugging-port" "54491" "-no-remote" "-profile" "C:\\Users\\Irina\\AppData\\Local\\Temp\\rust_mozprofile6FjemK"
1640216985413	Marionette	INFO	Marionette enabled
console.warn: SearchSettings: "get: No settings file exists, new profile?" (new NotFoundError("Could not open the file at C:\\Users\\Irina\\AppData\\Local\\Temp\\rust_mozprofile6FjemK\\search.json.mozlz4", (void 0)))
DevTools listening on ws://localhost:54491/devtools/browser/578e34d5-2038-4798-bd32-47e1303eaaa1
1640216988430	Marionette	INFO	Listening on port 54497
1640216988506	RemoteAgent	WARN	TLS certificate errors will be ignored for this session
JavaScript error: https://dressa.com.ua/ line 417 > injectedScript, line 2: TypeError: document.querySelector(...) is null
1640216995453	Marionette	INFO	Stopped listening on port 54497

###!!! [Child][RunMessage] Error: Channel closing: too late to send/recv, messages will be lost


###!!! [Child][MessageChannel] Error: (msgtype=0x590008,name=PHttpChannel::Msg_DeletingChannel) Channel closing: too late to send/recv, messages will be lost


###!!! [Child][MessageChannel] Error: (msgtype=0x590008,name=PHttpChannel::Msg_DeletingChannel) Channel closing: too late to send/recv, messages will be lost


###!!! [Child][MessageChannel] Error: (msgtype=0x590008,name=PHttpChannel::Msg_DeletingChannel) Channel closing: too late to send/recv, messages will be lost


###!!! [Child][MessageChannel] Error: (msgtype=0x590008,name=PHttpChannel::Msg_DeletingChannel) Channel closing: too late to send/recv, messages will be lost


###!!! [Child][MessageChannel] Error: (msgtype=0x590008,name=PHttpChannel::Msg_DeletingChannel) Channel closing: too late to send/recv, messages will be lost


###!!! [Child][MessageChannel] Error: (msgtype=0x590004,name=PHttpChannel::Msg_Cancel) Channel closing: too late to send/recv, messages will be lost


###!!! [Child][MessageChannel] Error: (msgtype=0x590008,name=PHttpChannel::Msg_DeletingChannel) Channel closing: too late to send/recv, messages will be lost


###!!! [Child][MessageChannel] Error: (msgtype=0x390147,name=PContent::Msg_ScriptError) Channel closing: too late to send/recv, messages will be lost


###!!! [Child][MessageChannel] Error: (msgtype=0x390147,name=PContent::Msg_ScriptError) Channel closing: too late to send/recv, messages will be lost


###!!! [Child][RunMessage] Error: Channel closing: too late to send/recv, messages will be lost


###!!! [Child][RunMessage] Error: Channel closing: too late to send/recv, messages will be lost


###!!! [Child][RunMessage] Error: Channel closing: too late to send/recv, messages will be lost


###!!! [Child][RunMessage] Error: Channel closing: too late to send/recv, messages will be lost


###!!! [Child][RunMessage] Error: Channel closing: too late to send/recv, messages will be lost


###!!! [Child][RunMessage] Error: Channel closing: too late to send/recv, messages will be lost


###!!! [Child][RunMessage] Error: Channel closing: too late to send/recv, messages will be lost


###!!! [Child][RunMessage] Error: Channel closing: too late to send/recv, messages will be lost


###!!! [Child][RunMessage] Error: Channel closing: too late to send/recv, messages will be lost


###!!! [Child][RunMessage] Error: Channel closing: too late to send/recv, messages will be lost


###!!! [Child][RunMessage] Error: Channel closing: too late to send/recv, messages will be lost


###!!! [Child][RunMessage] Error: Channel closing: too late to send/recv, messages will be lost


###!!! [Child][RunMessage] Error: Channel closing: too late to send/recv, messages will be lost


###!!! [Child][RunMessage] Error: Channel closing: too late to send/recv, messages will be lost


###!!! [Child][RunMessage] Error: Channel closing: too late to send/recv, messages will be lost


###!!! [Child][RunMessage] Error: Channel closing: too late to send/recv, messages will be lost


###!!! [Child][RunMessage] Error: Channel closing: too late to send/recv, messages will be lost


###!!! [Child][RunMessage] Error: Channel closing: too late to send/recv, messages will be lost


###!!! [Child][RunMessage] Error: Channel closing: too late to send/recv, messages will be lost

1640217023863	geckodriver	INFO	Listening on 127.0.0.1:54630
1640217026934	mozrunner::runner	INFO	Running command: "C:\\Program Files\\Mozilla Firefox\\firefox.exe" "--marionette" "--remote-debugging-port" "54631" "-no-remote" "-profile" "C:\\Users\\Irina\\AppData\\Local\\Temp\\rust_mozprofileLR2GOk"
1640217027680	Marionette	INFO	Marionette enabled
console.warn: SearchSettings: "get: No settings file exists, new profile?" (new NotFoundError("Could not open the file at C:\\Users\\Irina\\AppData\\Local\\Temp\\rust_mozprofileLR2GOk\\search.json.mozlz4", (void 0)))
DevTools listening on ws://localhost:54631/devtools/browser/05720de8-fa74-4ed3-aefc-5c754931eab2
1640217031846	Marionette	INFO	Listening on port 54642
1640217032301	RemoteAgent	WARN	TLS certificate errors will be ignored for this session
JavaScript error: https://dressa.com.ua/ line 417 > injectedScript, line 2: TypeError: document.querySelector(...) is null
1640217037878	Marionette	INFO	Stopped listening on port 54642

###!!! [Child][RunMessage] Error: Channel closing: too late to send/recv, messages will be lost

1640217039156	geckodriver	INFO	Listening on 127.0.0.1:54751
1640217042196	mozrunner::runner	INFO	Running command: "C:\\Program Files\\Mozilla Firefox\\firefox.exe" "--marionette" "--remote-debugging-port" "54752" "-no-remote" "-profile" "C:\\Users\\Irina\\AppData\\Local\\Temp\\rust_mozprofileOQw7x9"
1640217042883	Marionette	INFO	Marionette enabled
console.warn: SearchSettings: "get: No settings file exists, new profile?" (new NotFoundError("Could not open the file at C:\\Users\\Irina\\AppData\\Local\\Temp\\rust_mozprofileOQw7x9\\search.json.mozlz4", (void 0)))
DevTools listening on ws://localhost:54752/devtools/browser/455f8666-9313-429f-9f29-b3dabc467626
1640217045997	Marionette	INFO	Listening on port 54758
1640217046426	RemoteAgent	WARN	TLS certificate errors will be ignored for this session
JavaScript error: https://dressa.com.ua/ line 417 > injectedScript, line 2: TypeError: document.querySelector(...) is null
1640217058620	Marionette	INFO	Stopped listening on port 54758

###!!! [Parent][MessageChannel] Error: (msgtype=0x39014F,name=PContent::Reply_DiscardBrowsingContext) Closed channel: cannot send/recv


###!!! [Parent][MessageChannel] Error: (msgtype=0x39014F,name=PContent::Reply_DiscardBrowsingContext) Closed channel: cannot send/recv


###!!! [Parent][MessageChannel] Error: (msgtype=0x39014F,name=PContent::Reply_DiscardBrowsingContext) Closed channel: cannot send/recv


###!!! [Child][MessageChannel] Error: (msgtype=0x59000B,name=PHttpChannel::Msg___delete__) Channel closing: too late to send/recv, messages will be lost


###!!! [Parent][MessageChannel] Error: (msgtype=0x39014F,name=PContent::Reply_DiscardBrowsingContext) Closed channel: cannot send/recv


###!!! [Parent][MessageChannel] Error: (msgtype=0x39014F,name=PContent::Reply_DiscardBrowsingContext) Closed channel: cannot send/recv


###!!! [Parent][MessageChannel] Error: (msgtype=0x39014F,name=PContent::Reply_DiscardBrowsingContext) Closed channel: cannot send/recv


###!!! [Child][MessageChannel] Error: (msgtype=0x6A0023,name=PNecko::Msg_RemoveRequestContext) Channel closing: too late to send/recv, messages will be lost


###!!! [Parent][MessageChannel] Error: (msgtype=0x39014F,name=PContent::Reply_DiscardBrowsingContext) Closed channel: cannot send/recv


###!!! [Child][RunMessage] Error: Channel closing: too late to send/recv, messages will be lost


###!!! [Parent][MessageChannel] Error: (msgtype=0x39014F,name=PContent::Reply_DiscardBrowsingContext) Closed channel: cannot send/recv


###!!! [Child][MessageChannel] Error: (msgtype=0x390147,name=PContent::Msg_ScriptError) Channel closing: too late to send/recv, messages will be lost


###!!! [Child][MessageChannel] Error: (msgtype=0x390147,name=PContent::Msg_ScriptError) Channel closing: too late to send/recv, messages will be lost


###!!! [Child][MessageChannel] Error: (msgtype=0x390147,name=PContent::Msg_ScriptError) Channel closing: too late to send/recv, messages will be lost


###!!! [Child][MessageChannel] Error: (msgtype=0x390147,name=PContent::Msg_ScriptError) Channel closing: too late to send/recv, messages will be lost


###!!! [Child][RunMessage] Error: Channel closing: too late to send/recv, messages will be lost


###!!! [Child][RunMessage] Error: Channel closing: too late to send/recv, messages will be lost


###!!! [Child][RunMessage] Error: Channel closing: too late to send/recv, messages will be lost


###!!! [Child][RunMessage] Error: Channel closing: too late to send/recv, messages will be lost


###!!! [Child][RunMessage] Error: Channel closing: too late to send/recv, messages will be lost


###!!! [Child][RunMessage] Error: Channel closing: too late to send/recv, messages will be lost


###!!! [Child][RunMessage] Error: Channel closing: too late to send/recv, messages will be lost


###!!! [Child][RunMessage] Error: Channel closing: too late to send/recv, messages will be lost


###!!! [Child][RunMessage] Error: Channel closing: too late to send/recv, messages will be lost


###!!! [Child][RunMessage] Error: Channel closing: too late to send/recv, messages will be lost


###!!! [Child][RunMessage] Error: Channel closing: too late to send/recv, messages will be lost


###!!! [Child][RunMessage] Error: Channel closing: too late to send/recv, messages will be lost


###!!! [Child][RunMessage] Error: Channel closing: too late to send/recv, messages will be lost


###!!! [Child][RunMessage] Error: Channel closing: too late to send/recv, messages will be lost


###!!! [Child][MessageChannel] Error: (msgtype=0x3B0001,name=PCookieService::Msg_SetCookies) Channel closing: too late to send/recv, messages will be lost


###!!! [Parent][MessageChannel] Error: (msgtype=0x39007A,name=PContent::Msg_DestroyBrowsingContextGroup) Closed channel: cannot send/recv


###!!! [Child][MessageChannel] Error: (msgtype=0x590008,name=PHttpChannel::Msg_DeletingChannel) Channel closing: too late to send/recv, messages will be lost

JavaScript error: resource://gre/modules/Sqlite.jsm, line 1059: Error: Sqlite.jsm has been shutdown. Cannot open connection to: C:\Users\Irina\AppData\Local\Temp\rust_mozprofileOQw7x9\protections.sqlite
1640217060469	geckodriver	INFO	Listening on 127.0.0.1:54966
1640217063556	mozrunner::runner	INFO	Running command: "C:\\Program Files\\Mozilla Firefox\\firefox.exe" "--marionette" "--remote-debugging-port" "54967" "-no-remote" "-profile" "C:\\Users\\Irina\\AppData\\Local\\Temp\\rust_mozprofileVJZDqh"
1640217064204	Marionette	INFO	Marionette enabled
console.warn: SearchSettings: "get: No settings file exists, new profile?" (new NotFoundError("Could not open the file at C:\\Users\\Irina\\AppData\\Local\\Temp\\rust_mozprofileVJZDqh\\search.json.mozlz4", (void 0)))
DevTools listening on ws://localhost:54967/devtools/browser/3f2c9a41-7f60-4062-9967-a4e1e3620213
1640217068102	Marionette	INFO	Listening on port 54975
1640217068374	RemoteAgent	WARN	TLS certificate errors will be ignored for this session
1640217075896	Marionette	WARN	TimedPromise timed out after 500 ms: stacktrace:
TimedPromise/<@chrome://remote/content/marionette/sync.js:238:19
TimedPromise@chrome://remote/content/marionette/sync.js:223:10
interaction.flushEventLoop@chrome://remote/content/marionette/interaction.js:431:10
webdriverClickElement@chrome://remote/content/marionette/interaction.js:179:31
console.log: WebExtensions: reset-default-search: starting.
console.log: WebExtensions: reset-default-search: No addons in our list are installed.
JavaScript error: , line 0: NS_ERROR_NOT_AVAILABLE
1640220144163	Marionette	INFO	Stopped listening on port 54975
console.warn: TopSitesFeed: Failed to fetch data from Contile server: NetworkError when attempting to fetch resource.
JavaScript error: chrome://remote/content/marionette/cert.js, line 55: NS_ERROR_NOT_AVAILABLE: Component returned failure code: 0x80040111 (NS_ERROR_NOT_AVAILABLE) [nsICertOverrideService.setDisableAllSecurityChecksAndLetAttackersInterceptMyData]

###!!! [Child][RunMessage] Error: Channel closing: too late to send/recv, messages will be lost


###!!! [Child][RunMessage] Error: Channel closing: too late to send/recv, messages will be lost


###!!! [Parent][RunMessage] Error: Channel closing: too late to send/recv, messages will be lost

640217104446	Marionette	INFO	Stopped listening on port 55141
1640217105758	geckodriver	INFO	Listening on 127.0.0.1:55243
1640217108815	mozrunner::runner	INFO	Running command: "C:\\Program Files\\Mozilla Firefox\\firefox.exe" "--marionette" "--remote-debugging-port" "55244" "-no-remote" "-profile" "C:\\Users\\Irina\\AppData\\Local\\Temp\\rust_mozprofile6Ijdcn"
1640217109457	Marionette	INFO	Marionette enabled
console.warn: SearchSettings: "get: No settings file exists, new profile?" (new NotFoundError("Could not open the file at C:\\Users\\Irina\\AppData\\Local\\Temp\\rust_mozprofile6Ijdcn\\search.json.mozlz4", (void 0)))
DevTools listening on ws://localhost:55244/devtools/browser/7bfdc4a4-2d3f-4fe2-9b88-451c9054e7f4
1640217112481	Marionette	INFO	Listening on port 55262
1640217112538	RemoteAgent	WARN	TLS certificate errors will be ignored for this session
1640217121867	Marionette	INFO	Stopped listening on port 55262

###!!! [Parent][MessageChannel] Error: (msgtype=0x39014F,name=PContent::Reply_DiscardBrowsingContext) Closed channel: cannot send/recv


###!!! [Parent][MessageChannel] Error: (msgtype=0x39014F,name=PContent::Reply_DiscardBrowsingContext) Closed channel: cannot send/recv


###!!! [Parent][MessageChannel] Error: (msgtype=0x39014F,name=PContent::Reply_DiscardBrowsingContext) Closed channel: cannot send/recv


###!!! [Parent][MessageChannel] Error: (msgtype=0x39014F,name=PContent::Reply_DiscardBrowsingContext) Closed channel: cannot send/recv


###!!! [Parent][MessageChannel] Error: (msgtype=0x39014F,name=PContent::Reply_DiscardBrowsingContext) Closed channel: cannot send/recv


###!!! [Child][MessageChannel] Error: (msgtype=0x6A0014,name=PNecko::Msg_PredLearn) Channel closing: too late to send/recv, messages will be lost


###!!! [Child][RunMessage] Error: Channel closing: too late to send/recv, messages will be lost


###!!! [Child][MessageChannel] Error: (msgtype=0x390147,name=PContent::Msg_ScriptError) Channel closing: too late to send/recv, messages will be lost


###!!! [Child][MessageChannel] Error: (msgtype=0x390147,name=PContent::Msg_ScriptError) Channel closing: too late to send/recv, messages will be lost


###!!! [Child][MessageChannel] Error: (msgtype=0x590008,name=PHttpChannel::Msg_DeletingChannel) Channel closing: too late to send/recv, messages will be lost


###!!! [Child][RunMessage] Error: Channel closing: too late to send/recv, messages will be lost


###!!! [Child][RunMessage] Error: Channel closing: too late to send/recv, messages will be lost


###!!! [Child][RunMessage] Error: Channel closing: too late to send/recv, messages will be lost


###!!! [Child][RunMessage] Error: Channel closing: too late to send/recv, messages will be lost


###!!! [Child][MessageChannel] Error: (msgtype=0x590008,name=PHttpChannel::Msg_DeletingChannel) Channel closing: too late to send/recv, messages will be lost


###!!! [Child][RunMessage] Error: Channel closing: too late to send/recv, messages will be lost


###!!! [Child][RunMessage] Error: Channel closing: too late to send/recv, messages will be lost


###!!! [Child][RunMessage] Error: Channel closing: too late to send/recv, messages will be lost


###!!! [Child][RunMessage] Error: Channel closing: too late to send/recv, messages will be lost


###!!! [Child][RunMessage] Error: Channel closing: too late to send/recv, messages will be lost


###!!! [Child][RunMessage] Error: Channel closing: too late to send/recv, messages will be lost


###!!! [Child][RunMessage] Error: Channel closing: too late to send/recv, messages will be lost


###!!! [Child][RunMessage] Error: Channel closing: too late to send/recv, messages will be lost


###!!! [Child][RunMessage] Error: Channel closing: too late to send/recv, messages will be lost


###!!! [Child][RunMessage] Error: Channel closing: too late to send/recv, messages will be lost


###!!! [Parent][MessageChannel] Error: (msgtype=0x39007A,name=PContent::Msg_DestroyBrowsingContextGroup) Closed channel: cannot send/recv


###!!! [Child][RunMessage] Error: Channel closing: too late to send/recv, messages will be lost


###!!! [Child][RunMessage] Error: Channel closing: too late to send/recv, messages will be lost


###!!! [Child][RunMessage] Error: Channel closing: too late to send/recv, messages will be lost


###!!! [Child][RunMessage] Error: Channel closing: too late to send/recv, messages will be lost


###!!! [Child][RunMessage] Error: Channel closing: too late to send/recv, messages will be lost

JavaScript error: resource://gre/modules/Sqlite.jsm, line 1059: Error: Sqlite.jsm has been shutdown. Cannot open connection to: C:\Users\Irina\AppData\Local\Temp\rust_mozprofile6Ijdcn\protections.sqlite
1640217123749	geckodriver	INFO	Listening on 127.0.0.1:55388
1640217126842	mozrunner::runner	INFO	Running command: "C:\\Program Files\\Mozilla Firefox\\firefox.exe" "--marionette" "--remote-debugging-port" "55389" "-no-remote" "-profile" "C:\\Users\\Irina\\AppData\\Local\\Temp\\rust_mozprofileQL1Izx"
1640217127492	Marionette	INFO	Marionette enabled
console.warn: SearchSettings: "get: No settings file exists, new profile?" (new NotFoundError("Could not open the file at C:\\Users\\Irina\\AppData\\Local\\Temp\\rust_mozprofileQL1Izx\\search.json.mozlz4", (void 0)))
DevTools listening on ws://localhost:55389/devtools/browser/38fa1062-2ed9-4758-937d-8b920acbb5ea
1640217130709	Marionette	INFO	Listening on port 55397
1640217131095	RemoteAgent	WARN	TLS certificate errors will be ignored for this session
JavaScript error: https://dressa.com.ua/ line 417 > injectedScript, line 2: TypeError: document.querySelector(...) is null
1640217136783	Marionette	INFO	Stopped listening on port 55397

###!!! [Child][RunMessage] Error: Channel closing: too late to send/recv, messages will be lost


###!!! [Child][MessageChannel] Error: (msgtype=0x590008,name=PHttpChannel::Msg_DeletingChannel) Channel closing: too late to send/recv, messages will be lost


###!!! [Child][MessageChannel] Error: (msgtype=0x590004,name=PHttpChannel::Msg_Cancel) Channel closing: too late to send/recv, messages will be lost


###!!! [Child][MessageChannel] Error: (msgtype=0x590008,name=PHttpChannel::Msg_DeletingChannel) Channel closing: too late to send/recv, messages will be lost


###!!! [Child][MessageChannel] Error: (msgtype=0x590004,name=PHttpChannel::Msg_Cancel) Channel closing: too late to send/recv, messages will be lost


###!!! [Child][MessageChannel] Error: (msgtype=0x590008,name=PHttpChannel::Msg_DeletingChannel) Channel closing: too late to send/recv, messages will be lost


###!!! [Child][RunMessage] Error: Channel closing: too late to send/recv, messages will be lost


###!!! [Child][RunMessage] Error: Channel closing: too late to send/recv, messages will be lost


###!!! [Child][RunMessage] Error: Channel closing: too late to send/recv, messages will be lost


###!!! [Child][RunMessage] Error: Channel closing: too late to send/recv, messages will be lost


###!!! [Child][RunMessage] Error: Channel closing: too late to send/recv, messages will be lost

1640218149318	geckodriver	INFO	Listening on 127.0.0.1:62389
1640218152404	mozrunner::runner	INFO	Running command: "C:\\Program Files\\Mozilla Firefox\\firefox.exe" "--marionette" "--remote-debugging-port" "62390" "-no-remote" "-profile" "C:\\Users\\Irina\\AppData\\Local\\Temp\\rust_mozprofilek9w6Zr"
1640218153027	Marionette	INFO	Marionette enabled
console.warn: SearchSettings: "get: No settings file exists, new profile?" (new NotFoundError("Could not open the file at C:\\Users\\Irina\\AppData\\Local\\Temp\\rust_mozprofilek9w6Zr\\search.json.mozlz4", (void 0)))
DevTools listening on ws://localhost:62390/devtools/browser/c6d1dea8-0b77-4542-93df-aa9a375d7392
1640218156710	Marionette	INFO	Listening on port 62396
1640218156779	RemoteAgent	WARN	TLS certificate errors will be ignored for this session
JavaScript error: https://dressa.com.ua/ line 417 > injectedScript, line 2: TypeError: document.querySelector(...) is null
1640218165015	Marionette	INFO	Stopped listening on port 62396
[Parent 820, IPC I/O Parent] WARNING: file /builds/worker/checkouts/gecko/ipc/chromium/src/base/process_util_win.cc:167

###!!! [Child][MessageChannel] Error: (msgtype=0x590008,name=PHttpChannel::Msg_DeletingChannel) Channel closing: too late to send/recv, messages will be lost


###!!! [Child][MessageChannel] Error: (msgtype=0x590008,name=PHttpChannel::Msg_DeletingChannel) Channel closing: too late to send/recv, messages will be lost


###!!! [Child][MessageChannel] Error: (msgtype=0x590008,name=PHttpChannel::Msg_DeletingChannel) Channel closing: too late to send/recv, messages will be lost


###!!! [Child][MessageChannel] Error: (msgtype=0x590008,name=PHttpChannel::Msg_DeletingChannel) Channel closing: too late to send/recv, messages will be lost


###!!! [Child][MessageChannel] Error: (msgtype=0x590008,name=PHttpChannel::Msg_DeletingChannel) Channel closing: too late to send/recv, messages will be lost


###!!! [Child][RunMessage] Error: Channel closing: too late to send/recv, messages will be lost


###!!! [Child][MessageChannel] Error: (msgtype=0x3B0001,name=PCookieService::Msg_SetCookies) Channel closing: too late to send/recv, messages will be lost


###!!! [Child][MessageChannel] Error: (msgtype=0x590008,name=PHttpChannel::Msg_DeletingChannel) Channel closing: too late to send/recv, messages will be lost


###!!! [Child][MessageChannel] Error: (msgtype=0x3B0001,name=PCookieService::Msg_SetCookies) Channel closing: too late to send/recv, messages will be lost


###!!! [Child][MessageChannel] Error: (msgtype=0x590008,name=PHttpChannel::Msg_DeletingChannel) Channel closing: too late to send/recv, messages will be lost


###!!! [Child][MessageChannel] Error: (msgtype=0x590004,name=PHttpChannel::Msg_Cancel) Channel closing: too late to send/recv, messages will be lost


###!!! [Child][MessageChannel] Error: (msgtype=0x590008,name=PHttpChannel::Msg_DeletingChannel) Channel closing: too late to send/recv, messages will be lost


###!!! [Child][RunMessage] Error: Channel closing: too late to send/recv, messages will be lost


###!!! [Child][RunMessage] Error: Channel closing: too late to send/recv, messages will be lost


###!!! [Child][RunMessage] Error: Channel closing: too late to send/recv, messages will be lost


###!!! [Child][RunMessage] Error: Channel closing: too late to send/recv, messages will be lost


###!!! [Child][RunMessage] Error: Channel closing: too late to send/recv, messages will be lost


###!!! [Child][RunMessage] Error: Channel closing: too late to send/recv, messages will be lost


###!!! [Child][RunMessage] Error: Channel closing: too late to send/recv, messages will be lost


###!!! [Child][RunMessage] Error: Channel closing: too late to send/recv, messages will be lost


###!!! [Child][RunMessage] Error: Channel closing: too late to send/recv, messages will be lost


###!!! [Child][RunMessage] Error: Channel closing: too late to send/recv, messages will be lost


###!!! [Child][RunMessage] Error: Channel closing: too late to send/recv, messages will be lost


###!!! [Child][RunMessage] Error: Channel closing: too late to send/recv, messages will be lost


###!!! [Child][RunMessage] Error: Channel closing: too late to send/recv, messages will be lost


###!!! [Child][RunMessage] Error: Channel closing: too late to send/recv, messages will be lost


###!!! [Child][RunMessage] Error: Channel closing: too late to send/recv, messages will be lost


###!!! [Child][RunMessage] Error: Channel closing: too late to send/recv, messages will be lost


###!!! [Child][RunMessage] Error: Channel closing: too late to send/recv, messages will be lost


###!!! [Child][RunMessage] Error: Channel closing: too late to send/recv, messages will be lost


###!!! [Child][MessageChannel] Error: (msgtype=0x590004,name=PHttpChannel::Msg_Cancel) Channel closing: too late to send/recv, messages will be lost


###!!! [Child][MessageChannel] Error: (msgtype=0x590008,name=PHttpChannel::Msg_DeletingChannel) Channel closing: too late to send/recv, messages will be lost


###!!! [Child][RunMessage] Error: Channel closing: too late to send/recv, messages will be lost

1640218166589	geckodriver	INFO	Listening on 127.0.0.1:62517
1640218169647	mozrunner::runner	INFO	Running command: "C:\\Program Files\\Mozilla Firefox\\firefox.exe" "--marionette" "--remote-debugging-port" "62518" "-no-remote" "-profile" "C:\\Users\\Irina\\AppData\\Local\\Temp\\rust_mozprofile7r9J13"
1640218170203	Marionette	INFO	Marionette enabled
console.warn: SearchSettings: "get: No settings file exists, new profile?" (new NotFoundError("Could not open the file at C:\\Users\\Irina\\AppData\\Local\\Temp\\rust_mozprofile7r9J13\\search.json.mozlz4", (void 0)))
DevTools listening on ws://localhost:62518/devtools/browser/f63b677d-86d0-4f29-a919-4897f5ad2ac8
1640218173179	Marionette	INFO	Listening on port 62525
1640218173340	RemoteAgent	WARN	TLS certificate errors will be ignored for this session
JavaScript error: https://dressa.com.ua/ line 417 > injectedScript, line 2: TypeError: document.querySelector(...) is null
1640218181032	Marionette	INFO	Stopped listening on port 62525

###!!! [Parent][MessageChannel] Error: (msgtype=0x39014F,name=PContent::Reply_DiscardBrowsingContext) Closed channel: cannot send/recv


###!!! [Parent][MessageChannel] Error: (msgtype=0x39014F,name=PContent::Reply_DiscardBrowsingContext) Closed channel: cannot send/recv


###!!! [Parent][MessageChannel] Error: (msgtype=0x39014F,name=PContent::Reply_DiscardBrowsingContext) Closed channel: cannot send/recv


###!!! [Parent][MessageChannel] Error: (msgtype=0x39014F,name=PContent::Reply_DiscardBrowsingContext) Closed channel: cannot send/recv


###!!! [Parent][MessageChannel] Error: (msgtype=0x39014F,name=PContent::Reply_DiscardBrowsingContext) Closed channel: cannot send/recv


###!!! [Parent][MessageChannel] Error: (msgtype=0x39014F,name=PContent::Reply_DiscardBrowsingContext) Closed channel: cannot send/recv


###!!! [Parent][MessageChannel] Error: (msgtype=0x39014F,name=PContent::Reply_DiscardBrowsingContext) Closed channel: cannot send/recv


###!!! [Parent][MessageChannel] Error: (msgtype=0x39014F,name=PContent::Reply_DiscardBrowsingContext) Closed channel: cannot send/recv


###!!! [Parent][MessageChannel] Error: (msgtype=0x39014F,name=PContent::Reply_DiscardBrowsingContext) Closed channel: cannot send/recv


###!!! [Child][MessageChannel] Error: (msgtype=0x590008,name=PHttpChannel::Msg_DeletingChannel) Channel closing: too late to send/recv, messages will be lost


###!!! [Child][MessageChannel] Error: (msgtype=0x590007,name=PHttpChannel::Msg_RemoveCorsPreflightCacheEntry) Channel closing: too late to send/recv, messages will be lost


###!!! [Child][MessageChannel] Error: (msgtype=0x590008,name=PHttpChannel::Msg_DeletingChannel) Channel closing: too late to send/recv, messages will be lost


###!!! [Child][MessageChannel] Error: (msgtype=0x590008,name=PHttpChannel::Msg_DeletingChannel) Channel closing: too late to send/recv, messages will be lost


###!!! [Child][MessageChannel] Error: (msgtype=0x390116,name=PContent::Msg_AccumulateChildHistograms) Channel closing: too late to send/recv, messages will be lost


###!!! [Child][MessageChannel] Error: (msgtype=0x39011B,name=PContent::Msg_RecordDiscardedData) Channel closing: too late to send/recv, messages will be lost


###!!! [Parent][MessageChannel] Error: (msgtype=0x39007A,name=PContent::Msg_DestroyBrowsingContextGroup) Closed channel: cannot send/recv


###!!! [Child][MessageChannel] Error: (msgtype=0x6A0014,name=PNecko::Msg_PredLearn) Channel closing: too late to send/recv, messages will be lost


###!!! [Child][RunMessage] Error: Channel closing: too late to send/recv, messages will be lost


###!!! [Child][MessageChannel] Error: (msgtype=0x6A0014,name=PNecko::Msg_PredLearn) Channel closing: too late to send/recv, messages will be lost


###!!! [Child][MessageChannel] Error: (msgtype=0x6A0014,name=PNecko::Msg_PredLearn) Channel closing: too late to send/recv, messages will be lost

JavaScript error: resource://gre/modules/Sqlite.jsm, line 1059: Error: Sqlite.jsm has been shutdown. Cannot open connection to: C:\Users\Irina\AppData\Local\Temp\rust_mozprofile7r9J13\protections.sqlite

###!!! [Child][RunMessage] Error: Channel closing: too late to send/recv, messages will be lost


###!!! [Child][RunMessage] Error: Channel closing: too late to send/recv, messages will be lost


###!!! [Child][RunMessage] Error: Channel closing: too late to send/recv, messages will be lost


###!!! [Child][RunMessage] Error: Channel closing: too late to send/recv, messages will be lost


###!!! [Child][MessageChannel] Error: (msgtype=0x6A0014,name=PNecko::Msg_PredLearn) Channel closing: too late to send/recv, messages will be lost


###!!! [Child][MessageChannel] Error: (msgtype=0x6A0014,name=PNecko::Msg_PredLearn) Channel closing: too late to send/recv, messages will be lost


###!!! [Child][RunMessage] Error: Channel closing: too late to send/recv, messages will be lost


###!!! [Child][RunMessage] Error: Channel closing: too late to send/recv, messages will be lost


###!!! [Child][RunMessage] Error: Channel closing: too late to send/recv, messages will be lost


###!!! [Child][MessageChannel] Error: (msgtype=0x6A0014,name=PNecko::Msg_PredLearn) Channel closing: too late to send/recv, messages will be lost


###!!! [Child][RunMessage] Error: Channel closing: too late to send/recv, messages will be lost


###!!! [Child][MessageChannel] Error: (msgtype=0x6A0014,name=PNecko::Msg_PredLearn) Channel closing: too late to send/recv, messages will be lost


###!!! [Child][RunMessage] Error: Channel closing: too late to send/recv, messages will be lost


###!!! [Child][MessageChannel] Error: (msgtype=0x6A0014,name=PNecko::Msg_PredLearn) Channel closing: too late to send/recv, messages will be lost


###!!! [Child][RunMessage] Error: Channel closing: too late to send/recv, messages will be lost


###!!! [Child][MessageChannel] Error: (msgtype=0x6A0014,name=PNecko::Msg_PredLearn) Channel closing: too late to send/recv, messages will be lost


###!!! [Child][RunMessage] Error: Channel closing: too late to send/recv, messages will be lost


###!!! [Child][MessageChannel] Error: (msgtype=0x6A0014,name=PNecko::Msg_PredLearn) Channel closing: too late to send/recv, messages will be lost


###!!! [Child][RunMessage] Error: Channel closing: too late to send/recv, messages will be lost


###!!! [Child][MessageChannel] Error: (msgtype=0x6A0014,name=PNecko::Msg_PredLearn) Channel closing: too late to send/recv, messages will be lost


###!!! [Child][RunMessage] Error: Channel closing: too late to send/recv, messages will be lost


###!!! [Child][MessageChannel] Error: (msgtype=0x6A0014,name=PNecko::Msg_PredLearn) Channel closing: too late to send/recv, messages will be lost


###!!! [Child][RunMessage] Error: Channel closing: too late to send/recv, messages will be lost


###!!! [Child][MessageChannel] Error: (msgtype=0x6A0014,name=PNecko::Msg_PredLearn) Channel closing: too late to send/recv, messages will be lost


###!!! [Child][RunMessage] Error: Channel closing: too late to send/recv, messages will be lost


###!!! [Child][MessageChannel] Error: (msgtype=0x6A0014,name=PNecko::Msg_PredLearn) Channel closing: too late to send/recv, messages will be lost


###!!! [Child][RunMessage] Error: Channel closing: too late to send/recv, messages will be lost


###!!! [Child][MessageChannel] Error: (msgtype=0x6A0014,name=PNecko::Msg_PredLearn) Channel closing: too late to send/recv, messages will be lost


###!!! [Child][RunMessage] Error: Channel closing: too late to send/recv, messages will be lost


###!!! [Child][MessageChannel] Error: (msgtype=0x6A0014,name=PNecko::Msg_PredLearn) Channel closing: too late to send/recv, messages will be lost


###!!! [Child][RunMessage] Error: Channel closing: too late to send/recv, messages will be lost


###!!! [Child][MessageChannel] Error: (msgtype=0x6A0014,name=PNecko::Msg_PredLearn) Channel closing: too late to send/recv, messages will be lost


###!!! [Child][RunMessage] Error: Channel closing: too late to send/recv, messages will be lost


###!!! [Child][MessageChannel] Error: (msgtype=0x6A0014,name=PNecko::Msg_PredLearn) Channel closing: too late to send/recv, messages will be lost


###!!! [Child][RunMessage] Error: Channel closing: too late to send/recv, messages will be lost


###!!! [Child][MessageChannel] Error: (msgtype=0x590004,name=PHttpChannel::Msg_Cancel) Channel closing: too late to send/recv, messages will be lost


###!!! [Child][MessageChannel] Error: (msgtype=0x590008,name=PHttpChannel::Msg_DeletingChannel) Channel closing: too late to send/recv, messages will be lost


###!!! [Child][MessageChannel] Error: (msgtype=0x6A0014,name=PNecko::Msg_PredLearn) Channel closing: too late to send/recv, messages will be lost


###!!! [Child][RunMessage] Error: Channel closing: too late to send/recv, messages will be lost


###!!! [Child][MessageChannel] Error: (msgtype=0x6A0014,name=PNecko::Msg_PredLearn) Channel closing: too late to send/recv, messages will be lost


###!!! [Child][RunMessage] Error: Channel closing: too late to send/recv, messages will be lost


###!!! [Child][RunMessage] Error: Channel closing: too late to send/recv, messages will be lost


###!!! [Child][MessageChannel] Error: (msgtype=0x590008,name=PHttpChannel::Msg_DeletingChannel) Channel closing: too late to send/recv, messages will be lost


###!!! [Child][MessageChannel] Error: (msgtype=0x390147,name=PContent::Msg_ScriptError) Channel closing: too late to send/recv, messages will be lost


###!!! [Child][MessageChannel] Error: (msgtype=0x390147,name=PContent::Msg_ScriptError) Channel closing: too late to send/recv, messages will be lost


###!!! [Child][RunMessage] Error: Channel closing: too late to send/recv, messages will be lost


###!!! [Child][RunMessage] Error: Channel closing: too late to send/recv, messages will be lost


###!!! [Child][RunMessage] Error: Channel closing: too late to send/recv, messages will be lost


###!!! [Child][MessageChannel] Error: (msgtype=0x590008,name=PHttpChannel::Msg_DeletingChannel) Channel closing: too late to send/recv, messages will be lost


###!!! [Child][MessageChannel] Error: (msgtype=0x590008,name=PHttpChannel::Msg_DeletingChannel) Channel closing: too late to send/recv, messages will be lost


###!!! [Child][MessageChannel] Error: (msgtype=0x590008,name=PHttpChannel::Msg_DeletingChannel) Channel closing: too late to send/recv, messages will be lost


###!!! [Child][RunMessage] Error: Channel closing: too late to send/recv, messages will be lost


###!!! [Child][RunMessage] Error: Channel closing: too late to send/recv, messages will be lost


###!!! [Child][RunMessage] Error: Channel closing: too late to send/recv, messages will be lost


###!!! [Child][RunMessage] Error: Channel closing: too late to send/recv, messages will be lost


###!!! [Child][MessageChannel] Error: (msgtype=0x6A0014,name=PNecko::Msg_PredLearn) Channel closing: too late to send/recv, messages will be lost


###!!! [Child][RunMessage] Error: Channel closing: too late to send/recv, messages will be lost


###!!! [Child][RunMessage] Error: Channel closing: too late to send/recv, messages will be lost


###!!! [Child][MessageChannel] Error: (msgtype=0x590008,name=PHttpChannel::Msg_DeletingChannel) Channel closing: too late to send/recv, messages will be lost


###!!! [Child][MessageChannel] Error: (msgtype=0x390147,name=PContent::Msg_ScriptError) Channel closing: too late to send/recv, messages will be lost


###!!! [Child][MessageChannel] Error: (msgtype=0x390147,name=PContent::Msg_ScriptError) Channel closing: too late to send/recv, messages will be lost


###!!! [Child][MessageChannel] Error: (msgtype=0x390147,name=PContent::Msg_ScriptError) Channel closing: too late to send/recv, messages will be lost


###!!! [Child][MessageChannel] Error: (msgtype=0x390147,name=PContent::Msg_ScriptError) Channel closing: too late to send/recv, messages will be lost


###!!! [Child][MessageChannel] Error: (msgtype=0x390147,name=PContent::Msg_ScriptError) Channel closing: too late to send/recv, messages will be lost


###!!! [Child][MessageChannel] Error: (msgtype=0x590008,name=PHttpChannel::Msg_DeletingChannel) Channel closing: too late to send/recv, messages will be lost


###!!! [Child][RunMessage] Error: Channel closing: too late to send/recv, messages will be lost


###!!! [Child][RunMessage] Error: Channel closing: too late to send/recv, messages will be lost


###!!! [Child][RunMessage] Error: Channel closing: too late to send/recv, messages will be lost


###!!! [Child][RunMessage] Error: Channel closing: too late to send/recv, messages will be lost


###!!! [Child][RunMessage] Error: Channel closing: too late to send/recv, messages will be lost


###!!! [Child][RunMessage] Error: Channel closing: too late to send/recv, messages will be lost


###!!! [Child][RunMessage] Error: Channel closing: too late to send/recv, messages will be lost


###!!! [Child][RunMessage] Error: Channel closing: too late to send/recv, messages will be lost


###!!! [Child][RunMessage] Error: Channel closing: too late to send/recv, messages will be lost


###!!! [Child][RunMessage] Error: Channel closing: too late to send/recv, messages will be lost


###!!! [Child][RunMessage] Error: Channel closing: too late to send/recv, messages will be lost


###!!! [Child][RunMessage] Error: Channel closing: too late to send/recv, messages will be lost


###!!! [Child][RunMessage] Error: Channel closing: too late to send/recv, messages will be lost


###!!! [Child][RunMessage] Error: Channel closing: too late to send/recv, messages will be lost


###!!! [Child][RunMessage] Error: Channel closing: too late to send/recv, messages will be lost


###!!! [Child][RunMessage] Error: Channel closing: too late to send/recv, messages will be lost


###!!! [Child][RunMessage] Error: Channel closing: too late to send/recv, messages will be lost


###!!! [Child][RunMessage] Error: Channel closing: too late to send/recv, messages will be lost


###!!! [Child][RunMessage] Error: Channel closing: too late to send/recv, messages will be lost


###!!! [Child][RunMessage] Error: Channel closing: too late to send/recv, messages will be lost


###!!! [Child][RunMessage] Error: Channel closing: too late to send/recv, messages will be lost


###!!! [Child][RunMessage] Error: Channel closing: too late to send/recv, messages will be lost


###!!! [Child][RunMessage] Error: Channel closing: too late to send/recv, messages will be lost


###!!! [Child][RunMessage] Error: Channel closing: too late to send/recv, messages will be lost


###!!! [Child][RunMessage] Error: Channel closing: too late to send/recv, messages will be lost


###!!! [Child][RunMessage] Error: Channel closing: too late to send/recv, messages will be lost


###!!! [Child][RunMessage] Error: Channel closing: too late to send/recv, messages will be lost


###!!! [Child][RunMessage] Error: Channel closing: too late to send/recv, messages will be lost


###!!! [Child][RunMessage] Error: Channel closing: too late to send/recv, messages will be lost


###!!! [Child][RunMessage] Error: Channel closing: too late to send/recv, messages will be lost


###!!! [Child][RunMessage] Error: Channel closing: too late to send/recv, messages will be lost


###!!! [Child][RunMessage] Error: Channel closing: too late to send/recv, messages will be lost


###!!! [Child][RunMessage] Error: Channel closing: too late to send/recv, messages will be lost


###!!! [Child][RunMessage] Error: Channel closing: too late to send/recv, messages will be lost


###!!! [Child][RunMessage] Error: Channel closing: too late to send/recv, messages will be lost


###!!! [Child][RunMessage] Error: Channel closing: too late to send/recv, messages will be lost


###!!! [Child][MessageChannel] Error: (msgtype=0x3B0001,name=PCookieService::Msg_SetCookies) Channel closing: too late to send/recv, messages will be lost


###!!! [Child][MessageChannel] Error: (msgtype=0x590008,name=PHttpChannel::Msg_DeletingChannel) Channel closing: too late to send/recv, messages will be lost


###!!! [Child][RunMessage] Error: Channel closing: too late to send/recv, messages will be lost

1640218184078	geckodriver	INFO	Listening on 127.0.0.1:62685
1640218187148	mozrunner::runner	INFO	Running command: "C:\\Program Files\\Mozilla Firefox\\firefox.exe" "--marionette" "--remote-debugging-port" "62686" "-no-remote" "-profile" "C:\\Users\\Irina\\AppData\\Local\\Temp\\rust_mozprofileAkfcsV"
1640218187893	Marionette	INFO	Marionette enabled
console.warn: SearchSettings: "get: No settings file exists, new profile?" (new NotFoundError("Could not open the file at C:\\Users\\Irina\\AppData\\Local\\Temp\\rust_mozprofileAkfcsV\\search.json.mozlz4", (void 0)))
DevTools listening on ws://localhost:62686/devtools/browser/fc542725-2d1a-420a-a713-6a7ad37446b5
1640218190768	Marionette	INFO	Listening on port 62692
1640218190875	RemoteAgent	WARN	TLS certificate errors will be ignored for this session
1640218196269	Marionette	INFO	Stopped listening on port 62692
1640218238941	geckodriver	INFO	Listening on 127.0.0.1:62807
1640218242030	mozrunner::runner	INFO	Running command: "C:\\Program Files\\Mozilla Firefox\\firefox.exe" "--marionette" "--remote-debugging-port" "62808" "-no-remote" "-profile" "C:\\Users\\Irina\\AppData\\Local\\Temp\\rust_mozprofileN9eSHe"
1640218242714	Marionette	INFO	Marionette enabled
console.warn: SearchSettings: "get: No settings file exists, new profile?" (new NotFoundError("Could not open the file at C:\\Users\\Irina\\AppData\\Local\\Temp\\rust_mozprofileN9eSHe\\search.json.mozlz4", (void 0)))
DevTools listening on ws://localhost:62808/devtools/browser/ed2c711b-5815-4d86-9088-ff578a43b790
1640218246706	Marionette	INFO	Listening on port 62814
1640218246959	RemoteAgent	WARN	TLS certificate errors will be ignored for this session
JavaScript error: https://dressa.com.ua/ line 417 > injectedScript, line 2: TypeError: document.querySelector(...) is null
1640218252199	Marionette	INFO	Stopped listening on port 62814

###!!! [Child][MessageChannel] Error: (msgtype=0x590008,name=PHttpChannel::Msg_DeletingChannel) Channel closing: too late to send/recv, messages will be lost


###!!! [Child][MessageChannel] Error: (msgtype=0x590004,name=PHttpChannel::Msg_Cancel) Channel closing: too late to send/recv, messages will be lost


###!!! [Child][MessageChannel] Error: (msgtype=0x590008,name=PHttpChannel::Msg_DeletingChannel) Channel closing: too late to send/recv, messages will be lost


###!!! [Child][MessageChannel] Error: (msgtype=0x590004,name=PHttpChannel::Msg_Cancel) Channel closing: too late to send/recv, messages will be lost


###!!! [Child][MessageChannel] Error: (msgtype=0x590008,name=PHttpChannel::Msg_DeletingChannel) Channel closing: too late to send/recv, messages will be lost


###!!! [Child][RunMessage] Error: Channel closing: too late to send/recv, messages will be lost


###!!! [Child][RunMessage] Error: Channel closing: too late to send/recv, messages will be lost


###!!! [Child][RunMessage] Error: Channel closing: too late to send/recv, messages will be lost


###!!! [Child][RunMessage] Error: Channel closing: too late to send/recv, messages will be lost


###!!! [Child][RunMessage] Error: Channel closing: too late to send/recv, messages will be lost


###!!! [Child][RunMessage] Error: Channel closing: too late to send/recv, messages will be lost

1640218253588	geckodriver	INFO	Listening on 127.0.0.1:62911
1640218256646	mozrunner::runner	INFO	Running command: "C:\\Program Files\\Mozilla Firefox\\firefox.exe" "--marionette" "--remote-debugging-port" "62912" "-no-remote" "-profile" "C:\\Users\\Irina\\AppData\\Local\\Temp\\rust_mozprofile9Or0pr"
1640218257313	Marionette	INFO	Marionette enabled
console.warn: SearchSettings: "get: No settings file exists, new profile?" (new NotFoundError("Could not open the file at C:\\Users\\Irina\\AppData\\Local\\Temp\\rust_mozprofile9Or0pr\\search.json.mozlz4", (void 0)))
DevTools listening on ws://localhost:62912/devtools/browser/05583fd0-f48b-4ed1-952a-0d96c573ca57
1640218260414	Marionette	INFO	Listening on port 62919
1640218260860	RemoteAgent	WARN	TLS certificate errors will be ignored for this session
1640218267974	Marionette	INFO	Stopped listening on port 62919

###!!! [Parent][MessageChannel] Error: (msgtype=0x39014F,name=PContent::Reply_DiscardBrowsingContext) Closed channel: cannot send/recv


###!!! [Parent][MessageChannel] Error: (msgtype=0x39014F,name=PContent::Reply_DiscardBrowsingContext) Closed channel: cannot send/recv


###!!! [Parent][MessageChannel] Error: (msgtype=0x39014F,name=PContent::Reply_DiscardBrowsingContext) Closed channel: cannot send/recv


###!!! [Parent][MessageChannel] Error: (msgtype=0x39014F,name=PContent::Reply_DiscardBrowsingContext) Closed channel: cannot send/recv


###!!! [Parent][MessageChannel] Error: (msgtype=0x39014F,name=PContent::Reply_DiscardBrowsingContext) Closed channel: cannot send/recv


###!!! [Parent][MessageChannel] Error: (msgtype=0x39014F,name=PContent::Reply_DiscardBrowsingContext) Closed channel: cannot send/recv


###!!! [Child][MessageChannel] Error: (msgtype=0x590008,name=PHttpChannel::Msg_DeletingChannel) Channel closing: too late to send/recv, messages will be lost


###!!! [Child][MessageChannel] Error: (msgtype=0x590008,name=PHttpChannel::Msg_DeletingChannel) Channel closing: too late to send/recv, messages will be lost


###!!! [Child][MessageChannel] Error: (msgtype=0x590008,name=PHttpChannel::Msg_DeletingChannel) Channel closing: too late to send/recv, messages will be lost


###!!! [Child][MessageChannel] Error: (msgtype=0x590007,name=PHttpChannel::Msg_RemoveCorsPreflightCacheEntry) Channel closing: too late to send/recv, messages will be lost


###!!! [Child][MessageChannel] Error: (msgtype=0x590008,name=PHttpChannel::Msg_DeletingChannel) Channel closing: too late to send/recv, messages will be lost


###!!! [Child][MessageChannel] Error: (msgtype=0x590008,name=PHttpChannel::Msg_DeletingChannel) Channel closing: too late to send/recv, messages will be lost


###!!! [Child][MessageChannel] Error: (msgtype=0x590008,name=PHttpChannel::Msg_DeletingChannel) Channel closing: too late to send/recv, messages will be lost


###!!! [Child][MessageChannel] Error: (msgtype=0x590008,name=PHttpChannel::Msg_DeletingChannel) Channel closing: too late to send/recv, messages will be lost


###!!! [Child][MessageChannel] Error: (msgtype=0x590008,name=PHttpChannel::Msg_DeletingChannel) Channel closing: too late to send/recv, messages will be lost


###!!! [Child][MessageChannel] Error: (msgtype=0x590007,name=PHttpChannel::Msg_RemoveCorsPreflightCacheEntry) Channel closing: too late to send/recv, messages will be lost


###!!! [Child][MessageChannel] Error: (msgtype=0x590008,name=PHttpChannel::Msg_DeletingChannel) Channel closing: too late to send/recv, messages will be lost


###!!! [Child][MessageChannel] Error: (msgtype=0x590008,name=PHttpChannel::Msg_DeletingChannel) Channel closing: too late to send/recv, messages will be lost


###!!! [Parent][MessageChannel] Error: (msgtype=0x39007A,name=PContent::Msg_DestroyBrowsingContextGroup) Closed channel: cannot send/recv


###!!! [Child][MessageChannel] Error: (msgtype=0x590008,name=PHttpChannel::Msg_DeletingChannel) Channel closing: too late to send/recv, messages will be lost


###!!! [Child][MessageChannel] Error: (msgtype=0x590008,name=PHttpChannel::Msg_DeletingChannel) Channel closing: too late to send/recv, messages will be lost


###!!! [Child][MessageChannel] Error: (msgtype=0x590008,name=PHttpChannel::Msg_DeletingChannel) Channel closing: too late to send/recv, messages will be lost


###!!! [Child][RunMessage] Error: Channel closing: too late to send/recv, messages will be lost


###!!! [Child][RunMessage] Error: Channel closing: too late to send/recv, messages will be lost


###!!! [Child][MessageChannel] Error: (msgtype=0x390147,name=PContent::Msg_ScriptError) Channel closing: too late to send/recv, messages will be lost


###!!! [Child][RunMessage] Error: Channel closing: too late to send/recv, messages will be lost


###!!! [Child][MessageChannel] Error: (msgtype=0x590005,name=PHttpChannel::Msg_Redirect2Verify) Channel closing: too late to send/recv, messages will be lost


###!!! [Child][MessageChannel] Error: (msgtype=0x390147,name=PContent::Msg_ScriptError) Channel closing: too late to send/recv, messages will be lost


###!!! [Child][RunMessage] Error: Channel closing: too late to send/recv, messages will be lost


###!!! [Child][RunMessage] Error: Channel closing: too late to send/recv, messages will be lost

JavaScript error: resource://gre/modules/Sqlite.jsm, line 1059: Error: Sqlite.jsm has been shutdown. Cannot open connection to: C:\Users\Irina\AppData\Local\Temp\rust_mozprofile9Or0pr\protections.sqlite

###!!! [Child][RunMessage] Error: Channel closing: too late to send/recv, messages will be lost


###!!! [Child][RunMessage] Error: Channel closing: too late to send/recv, messages will be lost


###!!! [Child][RunMessage] Error: Channel closing: too late to send/recv, messages will be lost


###!!! [Child][RunMessage] Error: Channel closing: too late to send/recv, messages will be lost


###!!! [Child][RunMessage] Error: Channel closing: too late to send/recv, messages will be lost


###!!! [Child][RunMessage] Error: Channel closing: too late to send/recv, messages will be lost


###!!! [Child][RunMessage] Error: Channel closing: too late to send/recv, messages will be lost


###!!! [Child][RunMessage] Error: Channel closing: too late to send/recv, messages will be lost


###!!! [Child][RunMessage] Error: Channel closing: too late to send/recv, messages will be lost


###!!! [Child][RunMessage] Error: Channel closing: too late to send/recv, messages will be lost


###!!! [Child][RunMessage] Error: Channel closing: too late to send/recv, messages will be lost


###!!! [Child][RunMessage] Error: Channel closing: too late to send/recv, messages will be lost


###!!! [Child][RunMessage] Error: Channel closing: too late to send/recv, messages will be lost


###!!! [Child][RunMessage] Error: Channel closing: too late to send/recv, messages will be lost


###!!! [Child][RunMessage] Error: Channel closing: too late to send/recv, messages will be lost


###!!! [Child][MessageChannel] Error: (msgtype=0x390147,name=PContent::Msg_ScriptError) Channel closing: too late to send/recv, messages will be lost


###!!! [Child][RunMessage] Error: Channel closing: too late to send/recv, messages will be lost


###!!! [Parent][RunMessage] Error: Channel closing: too late to send/recv, messages will be lost

1640218269532	geckodriver	INFO	Listening on 127.0.0.1:63069
1640218272591	mozrunner::runner	INFO	Running command: "C:\\Program Files\\Mozilla Firefox\\firefox.exe" "--marionette" "--remote-debugging-port" "63070" "-no-remote" "-profile" "C:\\Users\\Irina\\AppData\\Local\\Temp\\rust_mozprofilevCp0QR"
1640218273196	Marionette	INFO	Marionette enabled
console.warn: SearchSettings: "get: No settings file exists, new profile?" (new NotFoundError("Could not open the file at C:\\Users\\Irina\\AppData\\Local\\Temp\\rust_mozprofilevCp0QR\\search.json.mozlz4", (void 0)))
DevTools listening on ws://localhost:63070/devtools/browser/cec6f65e-ae37-4a78-9561-0586a181ac7b
1640218275771	Marionette	INFO	Listening on port 63077
1640218275829	RemoteAgent	WARN	TLS certificate errors will be ignored for this session
JavaScript error: https://dressa.com.ua/ line 417 > injectedScript, line 2: TypeError: document.querySelector(...) is null
1640218281504	Marionette	INFO	Stopped listening on port 63077

###!!! [Child][RunMessage] Error: Channel closing: too late to send/recv, messages will be lost


###!!! [Child][MessageChannel] Error: (msgtype=0x590004,name=PHttpChannel::Msg_Cancel) Channel closing: too late to send/recv, messages will be lost


###!!! [Child][MessageChannel] Error: (msgtype=0x590008,name=PHttpChannel::Msg_DeletingChannel) Channel closing: too late to send/recv, messages will be lost


###!!! [Child][MessageChannel] Error: (msgtype=0x390147,name=PContent::Msg_ScriptError) Channel closing: too late to send/recv, messages will be lost


###!!! [Child][RunMessage] Error: Channel closing: too late to send/recv, messages will be lost

1640732100598	geckodriver	INFO	Listening on 127.0.0.1:63643
1640732103673	mozrunner::runner	INFO	Running command: "C:\\Program Files\\Mozilla Firefox\\firefox.exe" "--marionette" "--remote-debugging-port" "63644" "-no-remote" "-profile" "C:\\Users\\Irina\\AppData\\Local\\Temp\\rust_mozprofileKnhuka"
1640732104898	Marionette	INFO	Marionette enabled
console.warn: SearchSettings: "get: No settings file exists, new profile?" (new NotFoundError("Could not open the file at C:\\Users\\Irina\\AppData\\Local\\Temp\\rust_mozprofileKnhuka\\search.json.mozlz4", (void 0)))
DevTools listening on ws://localhost:63644/devtools/browser/15f650ac-8359-40be-a007-2dfcf3d60b41
1640732108414	Marionette	INFO	Listening on port 63649
1640732108548	RemoteAgent	WARN	TLS certificate errors will be ignored for this session
JavaScript error: https://dressa.com.ua/ line 417 > injectedScript, line 2: TypeError: document.querySelector(...) is null
1640732116803	Marionette	INFO	Stopped listening on port 63649
1640732118219	geckodriver	INFO	Listening on 127.0.0.1:63746
1640732121273	mozrunner::runner	INFO	Running command: "C:\\Program Files\\Mozilla Firefox\\firefox.exe" "--marionette" "--remote-debugging-port" "63747" "-no-remote" "-profile" "C:\\Users\\Irina\\AppData\\Local\\Temp\\rust_mozprofileM2NNJA"
1640732121832	Marionette	INFO	Marionette enabled
console.warn: SearchSettings: "get: No settings file exists, new profile?" (new NotFoundError("Could not open the file at C:\\Users\\Irina\\AppData\\Local\\Temp\\rust_mozprofileM2NNJA\\search.json.mozlz4", (void 0)))
DevTools listening on ws://localhost:63747/devtools/browser/3c6bb1d3-190a-43f2-8901-c48177a3c2f8
1640732124866	Marionette	INFO	Listening on port 63752
1640732124999	RemoteAgent	WARN	TLS certificate errors will be ignored for this session
1640732133288	Marionette	INFO	Stopped listening on port 63752

###!!! [Child][RunMessage] Error: Channel closing: too late to send/recv, messages will be lost


###!!! [Child][RunMessage] Error: Channel closing: too late to send/recv, messages will be lost


###!!! [Child][RunMessage] Error: Channel closing: too late to send/recv, messages will be lost


###!!! [Child][RunMessage] Error: Channel closing: too late to send/recv, messages will be lost


###!!! [Child][RunMessage] Error: Channel closing: too late to send/recv, messages will be lost


###!!! [Parent][MessageChannel] Error: (msgtype=0x39014F,name=PContent::Reply_DiscardBrowsingContext) Closed channel: cannot send/recv


###!!! [Parent][MessageChannel] Error: (msgtype=0x39014F,name=PContent::Reply_DiscardBrowsingContext) Closed channel: cannot send/recv


###!!! [Parent][MessageChannel] Error: (msgtype=0x39014F,name=PContent::Reply_DiscardBrowsingContext) Closed channel: cannot send/recv


###!!! [Parent][MessageChannel] Error: (msgtype=0x39014F,name=PContent::Reply_DiscardBrowsingContext) Closed channel: cannot send/recv


###!!! [Child][RunMessage] Error: Channel closing: too late to send/recv, messages will be lost


###!!! [Child][RunMessage] Error: Channel closing: too late to send/recv, messages will be lost


###!!! [Child][RunMessage] Error: Channel closing: too late to send/recv, messages will be lost


###!!! [Child][RunMessage] Error: Channel closing: too late to send/recv, messages will be lost


###!!! [Child][RunMessage] Error: Channel closing: too late to send/recv, messages will be lost


###!!! [Child][RunMessage] Error: Channel closing: too late to send/recv, messages will be lost


###!!! [Child][RunMessage] Error: Channel closing: too late to send/recv, messages will be lost


###!!! [Child][RunMessage] Error: Channel closing: too late to send/recv, messages will be lost


###!!! [Parent][MessageChannel] Error: (msgtype=0x39007A,name=PContent::Msg_DestroyBrowsingContextGroup) Closed channel: cannot send/recv

JavaScript error: resource://gre/modules/Sqlite.jsm, line 1059: Error: Sqlite.jsm has been shutdown. Cannot open connection to: C:\Users\Irina\AppData\Local\Temp\rust_mozprofileM2NNJA\protections.sqlite
1640732135613	geckodriver	INFO	Listening on 127.0.0.1:63878
1640732138868	mozrunner::runner	INFO	Running command: "C:\\Program Files\\Mozilla Firefox\\firefox.exe" "--marionette" "--remote-debugging-port" "63879" "-no-remote" "-profile" "C:\\Users\\Irina\\AppData\\Local\\Temp\\rust_mozprofileQfbTQl"
1640732139619	Marionette	INFO	Marionette enabled
console.warn: SearchSettings: "get: No settings file exists, new profile?" (new NotFoundError("Could not open the file at C:\\Users\\Irina\\AppData\\Local\\Temp\\rust_mozprofileQfbTQl\\search.json.mozlz4", (void 0)))
DevTools listening on ws://localhost:63879/devtools/browser/7b55502b-1cc6-4aba-bc36-5e83018870ef
1640732142561	Marionette	INFO	Listening on port 63884
1640732143071	RemoteAgent	WARN	TLS certificate errors will be ignored for this session
JavaScript error: https://dressa.com.ua/ line 417 > injectedScript, line 2: TypeError: document.querySelector(...) is null
1640732148981	Marionette	INFO	Stopped listening on port 63884

###!!! [Child][MessageChannel] Error: (msgtype=0x590008,name=PHttpChannel::Msg_DeletingChannel) Channel closing: too late to send/recv, messages will be lost


###!!! [Child][MessageChannel] Error: (msgtype=0x590004,name=PHttpChannel::Msg_Cancel) Channel closing: too late to send/recv, messages will be lost


###!!! [Child][MessageChannel] Error: (msgtype=0x590008,name=PHttpChannel::Msg_DeletingChannel) Channel closing: too late to send/recv, messages will be lost

